[debug] [2024-11-30T23:18:27.321Z] ----------------------------------------------------------------------
[debug] [2024-11-30T23:18:27.323Z] Command:       C:\Program Files\nodejs\node.exe C:\Users\ethan\AppData\Roaming\npm\node_modules\firebase-tools\lib\bin\firebase.js deploy --only functions
[debug] [2024-11-30T23:18:27.323Z] CLI Version:   13.27.0
[debug] [2024-11-30T23:18:27.324Z] Platform:      win32
[debug] [2024-11-30T23:18:27.324Z] Node Version:  v20.18.0
[debug] [2024-11-30T23:18:27.324Z] Time:          Sat Nov 30 2024 17:18:27 GMT-0600 (Central Standard Time)
[debug] [2024-11-30T23:18:27.324Z] ----------------------------------------------------------------------
[debug] 
[debug] [2024-11-30T23:18:27.387Z] > command requires scopes: ["email","openid","https://www.googleapis.com/auth/cloudplatformprojects.readonly","https://www.googleapis.com/auth/firebase","https://www.googleapis.com/auth/cloud-platform"]
[debug] [2024-11-30T23:18:27.388Z] > authorizing via signed-in user (ethangreen20000@gmail.com)
[debug] [2024-11-30T23:18:27.388Z] [iam] checking project team-2051-app for permissions ["cloudfunctions.functions.create","cloudfunctions.functions.delete","cloudfunctions.functions.get","cloudfunctions.functions.list","cloudfunctions.functions.update","cloudfunctions.operations.get","firebase.projects.get"]
[debug] [2024-11-30T23:18:27.389Z] Checked if tokens are valid: true, expires at: 1733010534779
[debug] [2024-11-30T23:18:27.389Z] Checked if tokens are valid: true, expires at: 1733010534779
[debug] [2024-11-30T23:18:27.390Z] >>> [apiv2][query] POST https://cloudresourcemanager.googleapis.com/v1/projects/team-2051-app:testIamPermissions [none]
[debug] [2024-11-30T23:18:27.390Z] >>> [apiv2][(partial)header] POST https://cloudresourcemanager.googleapis.com/v1/projects/team-2051-app:testIamPermissions x-goog-quota-user=projects/team-2051-app
[debug] [2024-11-30T23:18:27.390Z] >>> [apiv2][body] POST https://cloudresourcemanager.googleapis.com/v1/projects/team-2051-app:testIamPermissions {"permissions":["cloudfunctions.functions.create","cloudfunctions.functions.delete","cloudfunctions.functions.get","cloudfunctions.functions.list","cloudfunctions.functions.update","cloudfunctions.operations.get","firebase.projects.get"]}
[debug] [2024-11-30T23:18:27.654Z] <<< [apiv2][status] POST https://cloudresourcemanager.googleapis.com/v1/projects/team-2051-app:testIamPermissions 200
[debug] [2024-11-30T23:18:27.654Z] <<< [apiv2][body] POST https://cloudresourcemanager.googleapis.com/v1/projects/team-2051-app:testIamPermissions {"permissions":["cloudfunctions.functions.create","cloudfunctions.functions.delete","cloudfunctions.functions.get","cloudfunctions.functions.list","cloudfunctions.functions.update","cloudfunctions.operations.get","firebase.projects.get"]}
[debug] [2024-11-30T23:18:27.655Z] Checked if tokens are valid: true, expires at: 1733010534779
[debug] [2024-11-30T23:18:27.655Z] Checked if tokens are valid: true, expires at: 1733010534779
[debug] [2024-11-30T23:18:27.655Z] >>> [apiv2][query] POST https://iam.googleapis.com/v1/projects/team-2051-app/serviceAccounts/team-2051-app@appspot.gserviceaccount.com:testIamPermissions [none]
[debug] [2024-11-30T23:18:27.655Z] >>> [apiv2][body] POST https://iam.googleapis.com/v1/projects/team-2051-app/serviceAccounts/team-2051-app@appspot.gserviceaccount.com:testIamPermissions {"permissions":["iam.serviceAccounts.actAs"]}
[debug] [2024-11-30T23:18:27.846Z] <<< [apiv2][status] POST https://iam.googleapis.com/v1/projects/team-2051-app/serviceAccounts/team-2051-app@appspot.gserviceaccount.com:testIamPermissions 200
[debug] [2024-11-30T23:18:27.846Z] <<< [apiv2][body] POST https://iam.googleapis.com/v1/projects/team-2051-app/serviceAccounts/team-2051-app@appspot.gserviceaccount.com:testIamPermissions {"permissions":["iam.serviceAccounts.actAs"]}
[info] 
[info] === Deploying to 'team-2051-app'...
[info] 
[info] i  deploying functions 
[info] +  functions: Finished running predeploy script. 
[debug] [2024-11-30T23:18:27.850Z] Checked if tokens are valid: true, expires at: 1733010534779
[debug] [2024-11-30T23:18:27.850Z] Checked if tokens are valid: true, expires at: 1733010534779
[debug] [2024-11-30T23:18:27.850Z] >>> [apiv2][query] GET https://cloudresourcemanager.googleapis.com/v1/projects/team-2051-app [none]
[debug] [2024-11-30T23:18:27.924Z] <<< [apiv2][status] GET https://cloudresourcemanager.googleapis.com/v1/projects/team-2051-app 200
[debug] [2024-11-30T23:18:27.924Z] <<< [apiv2][body] GET https://cloudresourcemanager.googleapis.com/v1/projects/team-2051-app {"projectNumber":"559963188255","projectId":"team-2051-app","lifecycleState":"ACTIVE","name":"Team2051App","labels":{"firebase":"enabled"},"createTime":"2024-11-15T17:02:15.758789Z"}
[info] i  functions: preparing codebase default for deployment 
[info] i  functions: ensuring required API cloudfunctions.googleapis.com is enabled... 
[debug] [2024-11-30T23:18:27.925Z] Checked if tokens are valid: true, expires at: 1733010534779
[debug] [2024-11-30T23:18:27.925Z] Checked if tokens are valid: true, expires at: 1733010534779
[debug] [2024-11-30T23:18:27.925Z] Checked if tokens are valid: true, expires at: 1733010534779
[debug] [2024-11-30T23:18:27.925Z] Checked if tokens are valid: true, expires at: 1733010534779
[info] i  functions: ensuring required API cloudbuild.googleapis.com is enabled... 
[debug] [2024-11-30T23:18:27.925Z] Checked if tokens are valid: true, expires at: 1733010534779
[debug] [2024-11-30T23:18:27.925Z] Checked if tokens are valid: true, expires at: 1733010534779
[info] i  artifactregistry: ensuring required API artifactregistry.googleapis.com is enabled... 
[debug] [2024-11-30T23:18:27.926Z] Checked if tokens are valid: true, expires at: 1733010534779
[debug] [2024-11-30T23:18:27.926Z] Checked if tokens are valid: true, expires at: 1733010534779
[debug] [2024-11-30T23:18:27.926Z] >>> [apiv2][query] GET https://serviceusage.googleapis.com/v1/projects/team-2051-app/services/cloudfunctions.googleapis.com [none]
[debug] [2024-11-30T23:18:27.926Z] >>> [apiv2][(partial)header] GET https://serviceusage.googleapis.com/v1/projects/team-2051-app/services/cloudfunctions.googleapis.com x-goog-quota-user=projects/team-2051-app
[debug] [2024-11-30T23:18:27.927Z] >>> [apiv2][query] GET https://serviceusage.googleapis.com/v1/projects/team-2051-app/services/runtimeconfig.googleapis.com [none]
[debug] [2024-11-30T23:18:27.927Z] >>> [apiv2][(partial)header] GET https://serviceusage.googleapis.com/v1/projects/team-2051-app/services/runtimeconfig.googleapis.com x-goog-quota-user=projects/team-2051-app
[debug] [2024-11-30T23:18:27.928Z] >>> [apiv2][query] GET https://serviceusage.googleapis.com/v1/projects/team-2051-app/services/cloudbuild.googleapis.com [none]
[debug] [2024-11-30T23:18:27.928Z] >>> [apiv2][(partial)header] GET https://serviceusage.googleapis.com/v1/projects/team-2051-app/services/cloudbuild.googleapis.com x-goog-quota-user=projects/team-2051-app
[debug] [2024-11-30T23:18:27.929Z] >>> [apiv2][query] GET https://serviceusage.googleapis.com/v1/projects/team-2051-app/services/artifactregistry.googleapis.com [none]
[debug] [2024-11-30T23:18:27.929Z] >>> [apiv2][(partial)header] GET https://serviceusage.googleapis.com/v1/projects/team-2051-app/services/artifactregistry.googleapis.com x-goog-quota-user=projects/team-2051-app
[debug] [2024-11-30T23:18:28.175Z] <<< [apiv2][status] GET https://serviceusage.googleapis.com/v1/projects/team-2051-app/services/cloudbuild.googleapis.com 200
[debug] [2024-11-30T23:18:28.175Z] <<< [apiv2][body] GET https://serviceusage.googleapis.com/v1/projects/team-2051-app/services/cloudbuild.googleapis.com [omitted]
[info] +  functions: required API cloudbuild.googleapis.com is enabled 
[debug] [2024-11-30T23:18:28.179Z] <<< [apiv2][status] GET https://serviceusage.googleapis.com/v1/projects/team-2051-app/services/cloudfunctions.googleapis.com 200
[debug] [2024-11-30T23:18:28.179Z] <<< [apiv2][body] GET https://serviceusage.googleapis.com/v1/projects/team-2051-app/services/cloudfunctions.googleapis.com [omitted]
[info] +  functions: required API cloudfunctions.googleapis.com is enabled 
[debug] [2024-11-30T23:18:28.187Z] <<< [apiv2][status] GET https://serviceusage.googleapis.com/v1/projects/team-2051-app/services/runtimeconfig.googleapis.com 200
[debug] [2024-11-30T23:18:28.188Z] <<< [apiv2][body] GET https://serviceusage.googleapis.com/v1/projects/team-2051-app/services/runtimeconfig.googleapis.com [omitted]
[debug] [2024-11-30T23:18:28.188Z] <<< [apiv2][status] GET https://serviceusage.googleapis.com/v1/projects/team-2051-app/services/artifactregistry.googleapis.com 200
[debug] [2024-11-30T23:18:28.189Z] <<< [apiv2][body] GET https://serviceusage.googleapis.com/v1/projects/team-2051-app/services/artifactregistry.googleapis.com [omitted]
[info] +  artifactregistry: required API artifactregistry.googleapis.com is enabled 
[debug] [2024-11-30T23:18:28.189Z] Checked if tokens are valid: true, expires at: 1733010534779
[debug] [2024-11-30T23:18:28.189Z] Checked if tokens are valid: true, expires at: 1733010534779
[debug] [2024-11-30T23:18:28.189Z] >>> [apiv2][query] GET https://firebase.googleapis.com/v1beta1/projects/team-2051-app/adminSdkConfig [none]
[debug] [2024-11-30T23:18:28.425Z] <<< [apiv2][status] GET https://firebase.googleapis.com/v1beta1/projects/team-2051-app/adminSdkConfig 200
[debug] [2024-11-30T23:18:28.425Z] <<< [apiv2][body] GET https://firebase.googleapis.com/v1beta1/projects/team-2051-app/adminSdkConfig {"projectId":"team-2051-app","storageBucket":"team-2051-app.firebasestorage.app"}
[debug] [2024-11-30T23:18:28.425Z] Checked if tokens are valid: true, expires at: 1733010534779
[debug] [2024-11-30T23:18:28.426Z] Checked if tokens are valid: true, expires at: 1733010534779
[debug] [2024-11-30T23:18:28.426Z] >>> [apiv2][query] GET https://runtimeconfig.googleapis.com/v1beta1/projects/team-2051-app/configs [none]
[debug] [2024-11-30T23:18:28.638Z] <<< [apiv2][status] GET https://runtimeconfig.googleapis.com/v1beta1/projects/team-2051-app/configs 200
[debug] [2024-11-30T23:18:28.638Z] <<< [apiv2][body] GET https://runtimeconfig.googleapis.com/v1beta1/projects/team-2051-app/configs {"configs":[{"name":"projects/team-2051-app/configs/rds"}]}
[debug] [2024-11-30T23:18:28.639Z] Checked if tokens are valid: true, expires at: 1733010534779
[debug] [2024-11-30T23:18:28.639Z] Checked if tokens are valid: true, expires at: 1733010534779
[debug] [2024-11-30T23:18:28.639Z] >>> [apiv2][query] GET https://runtimeconfig.googleapis.com/v1beta1/projects/team-2051-app/configs/rds/variables [none]
[debug] [2024-11-30T23:18:28.746Z] <<< [apiv2][status] GET https://runtimeconfig.googleapis.com/v1beta1/projects/team-2051-app/configs/rds/variables 200
[debug] [2024-11-30T23:18:28.746Z] <<< [apiv2][body] GET https://runtimeconfig.googleapis.com/v1beta1/projects/team-2051-app/configs/rds/variables {"variables":[{"name":"projects/team-2051-app/configs/rds/variables/database","updateTime":"2024-11-22T18:36:14.806946162Z"},{"name":"projects/team-2051-app/configs/rds/variables/host","updateTime":"2024-11-22T18:36:14.808764384Z"},{"name":"projects/team-2051-app/configs/rds/variables/password","updateTime":"2024-11-22T18:36:14.821984111Z"},{"name":"projects/team-2051-app/configs/rds/variables/user","updateTime":"2024-11-22T18:36:14.806644048Z"}]}
[debug] [2024-11-30T23:18:28.747Z] Checked if tokens are valid: true, expires at: 1733010534779
[debug] [2024-11-30T23:18:28.747Z] Checked if tokens are valid: true, expires at: 1733010534779
[debug] [2024-11-30T23:18:28.747Z] Checked if tokens are valid: true, expires at: 1733010534779
[debug] [2024-11-30T23:18:28.747Z] Checked if tokens are valid: true, expires at: 1733010534779
[debug] [2024-11-30T23:18:28.747Z] Checked if tokens are valid: true, expires at: 1733010534779
[debug] [2024-11-30T23:18:28.747Z] Checked if tokens are valid: true, expires at: 1733010534779
[debug] [2024-11-30T23:18:28.747Z] Checked if tokens are valid: true, expires at: 1733010534779
[debug] [2024-11-30T23:18:28.747Z] Checked if tokens are valid: true, expires at: 1733010534779
[debug] [2024-11-30T23:18:28.747Z] >>> [apiv2][query] GET https://runtimeconfig.googleapis.com/v1beta1/projects/team-2051-app/configs/rds/variables/database [none]
[debug] [2024-11-30T23:18:28.748Z] >>> [apiv2][query] GET https://runtimeconfig.googleapis.com/v1beta1/projects/team-2051-app/configs/rds/variables/host [none]
[debug] [2024-11-30T23:18:28.749Z] >>> [apiv2][query] GET https://runtimeconfig.googleapis.com/v1beta1/projects/team-2051-app/configs/rds/variables/password [none]
[debug] [2024-11-30T23:18:28.750Z] >>> [apiv2][query] GET https://runtimeconfig.googleapis.com/v1beta1/projects/team-2051-app/configs/rds/variables/user [none]
[debug] [2024-11-30T23:18:28.861Z] <<< [apiv2][status] GET https://runtimeconfig.googleapis.com/v1beta1/projects/team-2051-app/configs/rds/variables/database 200
[debug] [2024-11-30T23:18:28.861Z] <<< [apiv2][body] GET https://runtimeconfig.googleapis.com/v1beta1/projects/team-2051-app/configs/rds/variables/database {"name":"projects/team-2051-app/configs/rds/variables/database","updateTime":"2024-11-22T18:36:14.806946162Z","text":"rfid_tracking"}
[debug] [2024-11-30T23:18:28.935Z] <<< [apiv2][status] GET https://runtimeconfig.googleapis.com/v1beta1/projects/team-2051-app/configs/rds/variables/host 200
[debug] [2024-11-30T23:18:28.935Z] <<< [apiv2][body] GET https://runtimeconfig.googleapis.com/v1beta1/projects/team-2051-app/configs/rds/variables/host {"name":"projects/team-2051-app/configs/rds/variables/host","updateTime":"2024-11-22T18:36:14.808764384Z","text":"rfid-database-1.cdy4equ4wd13.us-east-2.rds.amazonaws.com"}
[debug] [2024-11-30T23:18:28.953Z] <<< [apiv2][status] GET https://runtimeconfig.googleapis.com/v1beta1/projects/team-2051-app/configs/rds/variables/password 200
[debug] [2024-11-30T23:18:28.953Z] <<< [apiv2][body] GET https://runtimeconfig.googleapis.com/v1beta1/projects/team-2051-app/configs/rds/variables/password {"name":"projects/team-2051-app/configs/rds/variables/password","updateTime":"2024-11-22T18:36:14.821984111Z","text":"databaserfid123"}
[debug] [2024-11-30T23:18:29.203Z] <<< [apiv2][status] GET https://runtimeconfig.googleapis.com/v1beta1/projects/team-2051-app/configs/rds/variables/user 200
[debug] [2024-11-30T23:18:29.203Z] <<< [apiv2][body] GET https://runtimeconfig.googleapis.com/v1beta1/projects/team-2051-app/configs/rds/variables/user {"name":"projects/team-2051-app/configs/rds/variables/user","updateTime":"2024-11-22T18:36:14.806644048Z","text":"admin"}
[debug] [2024-11-30T23:18:29.204Z] Validating nodejs source
[debug] [2024-11-30T23:18:30.138Z] > [functions] package.json contents: {
  "name": "functions",
  "description": "Cloud Functions for Firebase",
  "scripts": {
    "lint": "eslint .",
    "serve": "firebase emulators:start --only functions",
    "shell": "firebase functions:shell",
    "start": "npm run shell",
    "deploy": "firebase deploy --only functions",
    "logs": "firebase functions:log"
  },
  "engines": {
    "node": "18"
  },
  "main": "index.js",
  "dependencies": {
    "express": "^4.21.1",
    "firebase-admin": "^12.6.0",
    "firebase-functions": "^6.1.1",
    "mysql": "^2.18.1",
    "mysql2": "^3.11.4"
  },
  "devDependencies": {
    "eslint": "^8.15.0",
    "eslint-config-google": "^0.14.0",
    "firebase-functions-test": "^3.1.0"
  },
  "private": true
}
[debug] [2024-11-30T23:18:30.138Z] Building nodejs source
[info] i  functions: Loading and analyzing source code for codebase default to determine what to deploy 
[debug] [2024-11-30T23:18:30.139Z] Could not find functions.yaml. Must use http discovery
[debug] [2024-11-30T23:18:30.146Z] Found firebase-functions binary at 'C:\Users\ethan\OneDrive\Documents\GitHub\Team-2051-Project\team-2051-app\functions\node_modules\.bin\firebase-functions'
[info] Serving at port 8503

[debug] [2024-11-30T23:18:30.686Z] Got response from /__/functions.yaml {"endpoints":{"fetchProducts":{"availableMemoryMb":null,"timeoutSeconds":null,"minInstances":null,"maxInstances":null,"ingressSettings":null,"concurrency":null,"serviceAccountEmail":null,"vpc":null,"platform":"gcfv2","labels":{},"httpsTrigger":{},"entryPoint":"fetchProducts"}},"specVersion":"v1alpha1","requiredAPIs":[],"extensions":{}}
[info] Database connection established successfully.

[info] i  extensions: ensuring required API firebaseextensions.googleapis.com is enabled... 
[debug] [2024-11-30T23:18:40.701Z] Checked if tokens are valid: true, expires at: 1733010534779
[debug] [2024-11-30T23:18:40.701Z] Checked if tokens are valid: true, expires at: 1733010534779
[debug] [2024-11-30T23:18:40.701Z] >>> [apiv2][query] GET https://serviceusage.googleapis.com/v1/projects/team-2051-app/services/firebaseextensions.googleapis.com [none]
[debug] [2024-11-30T23:18:40.701Z] >>> [apiv2][(partial)header] GET https://serviceusage.googleapis.com/v1/projects/team-2051-app/services/firebaseextensions.googleapis.com x-goog-quota-user=projects/team-2051-app
[debug] [2024-11-30T23:18:41.443Z] <<< [apiv2][status] GET https://serviceusage.googleapis.com/v1/projects/team-2051-app/services/firebaseextensions.googleapis.com 200
[debug] [2024-11-30T23:18:41.443Z] <<< [apiv2][body] GET https://serviceusage.googleapis.com/v1/projects/team-2051-app/services/firebaseextensions.googleapis.com [omitted]
[info] +  extensions: required API firebaseextensions.googleapis.com is enabled 
[debug] [2024-11-30T23:18:41.444Z] > command requires scopes: ["email","openid","https://www.googleapis.com/auth/cloudplatformprojects.readonly","https://www.googleapis.com/auth/firebase","https://www.googleapis.com/auth/cloud-platform"]
[debug] [2024-11-30T23:18:41.444Z] > authorizing via signed-in user (ethangreen20000@gmail.com)
[debug] [2024-11-30T23:18:41.444Z] [iam] checking project team-2051-app for permissions ["firebase.projects.get","firebaseextensions.instances.list"]
[debug] [2024-11-30T23:18:41.444Z] Checked if tokens are valid: true, expires at: 1733010534779
[debug] [2024-11-30T23:18:41.444Z] Checked if tokens are valid: true, expires at: 1733010534779
[debug] [2024-11-30T23:18:41.444Z] >>> [apiv2][query] POST https://cloudresourcemanager.googleapis.com/v1/projects/team-2051-app:testIamPermissions [none]
[debug] [2024-11-30T23:18:41.444Z] >>> [apiv2][(partial)header] POST https://cloudresourcemanager.googleapis.com/v1/projects/team-2051-app:testIamPermissions x-goog-quota-user=projects/team-2051-app
[debug] [2024-11-30T23:18:41.444Z] >>> [apiv2][body] POST https://cloudresourcemanager.googleapis.com/v1/projects/team-2051-app:testIamPermissions {"permissions":["firebase.projects.get","firebaseextensions.instances.list"]}
[debug] [2024-11-30T23:18:41.610Z] <<< [apiv2][status] POST https://cloudresourcemanager.googleapis.com/v1/projects/team-2051-app:testIamPermissions 200
[debug] [2024-11-30T23:18:41.610Z] <<< [apiv2][body] POST https://cloudresourcemanager.googleapis.com/v1/projects/team-2051-app:testIamPermissions {"permissions":["firebase.projects.get","firebaseextensions.instances.list"]}
[debug] [2024-11-30T23:18:41.610Z] Checked if tokens are valid: true, expires at: 1733010534779
[debug] [2024-11-30T23:18:41.610Z] Checked if tokens are valid: true, expires at: 1733010534779
[debug] [2024-11-30T23:18:41.610Z] >>> [apiv2][query] GET https://firebaseextensions.googleapis.com/v1beta/projects/team-2051-app/instances pageSize=100&pageToken=
[debug] [2024-11-30T23:18:41.932Z] <<< [apiv2][status] GET https://firebaseextensions.googleapis.com/v1beta/projects/team-2051-app/instances 200
[debug] [2024-11-30T23:18:41.932Z] <<< [apiv2][body] GET https://firebaseextensions.googleapis.com/v1beta/projects/team-2051-app/instances {}
[info] i  functions: preparing functions directory for uploading... 
[info] i  functions: packaged C:\Users\ethan\OneDrive\Documents\GitHub\Team-2051-Project\team-2051-app\functions (72.57 KB) for uploading 
[debug] [2024-11-30T23:18:41.963Z] Checked if tokens are valid: true, expires at: 1733010534779
[debug] [2024-11-30T23:18:41.963Z] Checked if tokens are valid: true, expires at: 1733010534779
[debug] [2024-11-30T23:18:41.963Z] >>> [apiv2][query] GET https://cloudfunctions.googleapis.com/v1/projects/team-2051-app/locations/-/functions [none]
[debug] [2024-11-30T23:18:42.512Z] <<< [apiv2][status] GET https://cloudfunctions.googleapis.com/v1/projects/team-2051-app/locations/-/functions 200
[debug] [2024-11-30T23:18:42.512Z] <<< [apiv2][body] GET https://cloudfunctions.googleapis.com/v1/projects/team-2051-app/locations/-/functions {}
[debug] [2024-11-30T23:18:42.513Z] Checked if tokens are valid: true, expires at: 1733010534779
[debug] [2024-11-30T23:18:42.513Z] Checked if tokens are valid: true, expires at: 1733010534779
[debug] [2024-11-30T23:18:42.513Z] >>> [apiv2][query] GET https://cloudfunctions.googleapis.com/v2/projects/team-2051-app/locations/-/functions filter=environment%3D%22GEN_2%22
[debug] [2024-11-30T23:18:42.944Z] <<< [apiv2][status] GET https://cloudfunctions.googleapis.com/v2/projects/team-2051-app/locations/-/functions 200
[debug] [2024-11-30T23:18:42.944Z] <<< [apiv2][body] GET https://cloudfunctions.googleapis.com/v2/projects/team-2051-app/locations/-/functions {}
[info] i  functions: ensuring required API run.googleapis.com is enabled... 
[debug] [2024-11-30T23:18:42.945Z] Checked if tokens are valid: true, expires at: 1733010534779
[debug] [2024-11-30T23:18:42.945Z] Checked if tokens are valid: true, expires at: 1733010534779
[info] i  functions: ensuring required API eventarc.googleapis.com is enabled... 
[debug] [2024-11-30T23:18:42.945Z] Checked if tokens are valid: true, expires at: 1733010534779
[debug] [2024-11-30T23:18:42.945Z] Checked if tokens are valid: true, expires at: 1733010534779
[info] i  functions: ensuring required API pubsub.googleapis.com is enabled... 
[debug] [2024-11-30T23:18:42.946Z] Checked if tokens are valid: true, expires at: 1733010534779
[debug] [2024-11-30T23:18:42.946Z] Checked if tokens are valid: true, expires at: 1733010534779
[info] i  functions: ensuring required API storage.googleapis.com is enabled... 
[debug] [2024-11-30T23:18:42.946Z] Checked if tokens are valid: true, expires at: 1733010534779
[debug] [2024-11-30T23:18:42.946Z] Checked if tokens are valid: true, expires at: 1733010534779
[debug] [2024-11-30T23:18:42.946Z] >>> [apiv2][query] GET https://serviceusage.googleapis.com/v1/projects/team-2051-app/services/run.googleapis.com [none]
[debug] [2024-11-30T23:18:42.946Z] >>> [apiv2][(partial)header] GET https://serviceusage.googleapis.com/v1/projects/team-2051-app/services/run.googleapis.com x-goog-quota-user=projects/team-2051-app
[debug] [2024-11-30T23:18:42.946Z] >>> [apiv2][query] GET https://serviceusage.googleapis.com/v1/projects/team-2051-app/services/eventarc.googleapis.com [none]
[debug] [2024-11-30T23:18:42.946Z] >>> [apiv2][(partial)header] GET https://serviceusage.googleapis.com/v1/projects/team-2051-app/services/eventarc.googleapis.com x-goog-quota-user=projects/team-2051-app
[debug] [2024-11-30T23:18:42.947Z] >>> [apiv2][query] GET https://serviceusage.googleapis.com/v1/projects/team-2051-app/services/pubsub.googleapis.com [none]
[debug] [2024-11-30T23:18:42.947Z] >>> [apiv2][(partial)header] GET https://serviceusage.googleapis.com/v1/projects/team-2051-app/services/pubsub.googleapis.com x-goog-quota-user=projects/team-2051-app
[debug] [2024-11-30T23:18:42.948Z] >>> [apiv2][query] GET https://serviceusage.googleapis.com/v1/projects/team-2051-app/services/storage.googleapis.com [none]
[debug] [2024-11-30T23:18:42.949Z] >>> [apiv2][(partial)header] GET https://serviceusage.googleapis.com/v1/projects/team-2051-app/services/storage.googleapis.com x-goog-quota-user=projects/team-2051-app
[debug] [2024-11-30T23:18:43.144Z] <<< [apiv2][status] GET https://serviceusage.googleapis.com/v1/projects/team-2051-app/services/run.googleapis.com 200
[debug] [2024-11-30T23:18:43.144Z] <<< [apiv2][body] GET https://serviceusage.googleapis.com/v1/projects/team-2051-app/services/run.googleapis.com [omitted]
[info] +  functions: required API run.googleapis.com is enabled 
[debug] [2024-11-30T23:18:43.189Z] <<< [apiv2][status] GET https://serviceusage.googleapis.com/v1/projects/team-2051-app/services/eventarc.googleapis.com 200
[debug] [2024-11-30T23:18:43.189Z] <<< [apiv2][body] GET https://serviceusage.googleapis.com/v1/projects/team-2051-app/services/eventarc.googleapis.com [omitted]
[info] +  functions: required API eventarc.googleapis.com is enabled 
[debug] [2024-11-30T23:18:43.199Z] <<< [apiv2][status] GET https://serviceusage.googleapis.com/v1/projects/team-2051-app/services/storage.googleapis.com 200
[debug] [2024-11-30T23:18:43.199Z] <<< [apiv2][body] GET https://serviceusage.googleapis.com/v1/projects/team-2051-app/services/storage.googleapis.com [omitted]
[info] +  functions: required API storage.googleapis.com is enabled 
[debug] [2024-11-30T23:18:43.501Z] <<< [apiv2][status] GET https://serviceusage.googleapis.com/v1/projects/team-2051-app/services/pubsub.googleapis.com 200
[debug] [2024-11-30T23:18:43.501Z] <<< [apiv2][body] GET https://serviceusage.googleapis.com/v1/projects/team-2051-app/services/pubsub.googleapis.com [omitted]
[info] +  functions: required API pubsub.googleapis.com is enabled 
[info] i  functions: generating the service identity for pubsub.googleapis.com... 
[debug] [2024-11-30T23:18:43.502Z] Checked if tokens are valid: true, expires at: 1733010534779
[debug] [2024-11-30T23:18:43.502Z] Checked if tokens are valid: true, expires at: 1733010534779
[info] i  functions: generating the service identity for eventarc.googleapis.com... 
[debug] [2024-11-30T23:18:43.502Z] Checked if tokens are valid: true, expires at: 1733010534779
[debug] [2024-11-30T23:18:43.502Z] Checked if tokens are valid: true, expires at: 1733010534779
[debug] [2024-11-30T23:18:43.502Z] >>> [apiv2][query] POST https://serviceusage.googleapis.com/v1beta1/projects/559963188255/services/pubsub.googleapis.com:generateServiceIdentity [none]
[debug] [2024-11-30T23:18:43.503Z] >>> [apiv2][query] POST https://serviceusage.googleapis.com/v1beta1/projects/559963188255/services/eventarc.googleapis.com:generateServiceIdentity [none]
[debug] [2024-11-30T23:18:43.781Z] <<< [apiv2][status] POST https://serviceusage.googleapis.com/v1beta1/projects/559963188255/services/pubsub.googleapis.com:generateServiceIdentity 200
[debug] [2024-11-30T23:18:43.781Z] <<< [apiv2][body] POST https://serviceusage.googleapis.com/v1beta1/projects/559963188255/services/pubsub.googleapis.com:generateServiceIdentity {"name":"operations/finished.DONE_OPERATION","done":true,"response":{"@type":"type.googleapis.com/google.api.serviceusage.v1beta1.ServiceIdentity","email":"service-559963188255@gcp-sa-pubsub.iam.gserviceaccount.com","uniqueId":"100517122291124652479"}}
[debug] [2024-11-30T23:18:43.850Z] <<< [apiv2][status] POST https://serviceusage.googleapis.com/v1beta1/projects/559963188255/services/eventarc.googleapis.com:generateServiceIdentity 200
[debug] [2024-11-30T23:18:43.850Z] <<< [apiv2][body] POST https://serviceusage.googleapis.com/v1beta1/projects/559963188255/services/eventarc.googleapis.com:generateServiceIdentity {"name":"operations/finished.DONE_OPERATION","done":true,"response":{"@type":"type.googleapis.com/google.api.serviceusage.v1beta1.ServiceIdentity","email":"service-559963188255@gcp-sa-eventarc.iam.gserviceaccount.com","uniqueId":"113866839931107237156"}}
[debug] [2024-11-30T23:18:43.852Z] Checked if tokens are valid: true, expires at: 1733010534779
[debug] [2024-11-30T23:18:43.852Z] Checked if tokens are valid: true, expires at: 1733010534779
[debug] [2024-11-30T23:18:43.852Z] >>> [apiv2][query] GET https://cloudresourcemanager.googleapis.com/v1/projects/team-2051-app [none]
[debug] [2024-11-30T23:18:43.933Z] <<< [apiv2][status] GET https://cloudresourcemanager.googleapis.com/v1/projects/team-2051-app 200
[debug] [2024-11-30T23:18:43.933Z] <<< [apiv2][body] GET https://cloudresourcemanager.googleapis.com/v1/projects/team-2051-app {"projectNumber":"559963188255","projectId":"team-2051-app","lifecycleState":"ACTIVE","name":"Team2051App","labels":{"firebase":"enabled"},"createTime":"2024-11-15T17:02:15.758789Z"}
[debug] [2024-11-30T23:18:43.934Z] Checked if tokens are valid: true, expires at: 1733010534779
[debug] [2024-11-30T23:18:43.934Z] Checked if tokens are valid: true, expires at: 1733010534779
[debug] [2024-11-30T23:18:43.934Z] >>> [apiv2][query] GET https://cloudbilling.googleapis.com/v1/projects/team-2051-app/billingInfo [none]
[debug] [2024-11-30T23:18:44.104Z] <<< [apiv2][status] GET https://cloudbilling.googleapis.com/v1/projects/team-2051-app/billingInfo 200
[debug] [2024-11-30T23:18:44.104Z] <<< [apiv2][body] GET https://cloudbilling.googleapis.com/v1/projects/team-2051-app/billingInfo {"name":"projects/team-2051-app/billingInfo","projectId":"team-2051-app","billingAccountName":"billingAccounts/010B86-913ACA-534575","billingEnabled":true}
[debug] [2024-11-30T23:18:44.105Z] [functions] found 1 new HTTP functions, testing setIamPolicy permission...
[debug] [2024-11-30T23:18:44.105Z] Checked if tokens are valid: true, expires at: 1733010534779
[debug] [2024-11-30T23:18:44.105Z] Checked if tokens are valid: true, expires at: 1733010534779
[debug] [2024-11-30T23:18:44.105Z] >>> [apiv2][query] POST https://cloudresourcemanager.googleapis.com/v1/projects/team-2051-app:testIamPermissions [none]
[debug] [2024-11-30T23:18:44.105Z] >>> [apiv2][(partial)header] POST https://cloudresourcemanager.googleapis.com/v1/projects/team-2051-app:testIamPermissions x-goog-quota-user=projects/team-2051-app
[debug] [2024-11-30T23:18:44.105Z] >>> [apiv2][body] POST https://cloudresourcemanager.googleapis.com/v1/projects/team-2051-app:testIamPermissions {"permissions":["cloudfunctions.functions.setIamPolicy"]}
[debug] [2024-11-30T23:18:44.168Z] <<< [apiv2][status] POST https://cloudresourcemanager.googleapis.com/v1/projects/team-2051-app:testIamPermissions 200
[debug] [2024-11-30T23:18:44.168Z] <<< [apiv2][body] POST https://cloudresourcemanager.googleapis.com/v1/projects/team-2051-app:testIamPermissions {"permissions":["cloudfunctions.functions.setIamPolicy"]}
[debug] [2024-11-30T23:18:44.168Z] [functions] found setIamPolicy permission, proceeding with deploy
[debug] [2024-11-30T23:18:44.169Z] Checked if tokens are valid: true, expires at: 1733010534779
[debug] [2024-11-30T23:18:44.169Z] Checked if tokens are valid: true, expires at: 1733010534779
[debug] [2024-11-30T23:18:44.169Z] >>> [apiv2][query] POST https://cloudfunctions.googleapis.com/v2/projects/team-2051-app/locations/us-central1/functions:generateUploadUrl [none]
[debug] [2024-11-30T23:18:44.669Z] <<< [apiv2][status] POST https://cloudfunctions.googleapis.com/v2/projects/team-2051-app/locations/us-central1/functions:generateUploadUrl 200
[debug] [2024-11-30T23:18:44.670Z] <<< [apiv2][body] POST https://cloudfunctions.googleapis.com/v2/projects/team-2051-app/locations/us-central1/functions:generateUploadUrl {"uploadUrl":"https://storage.googleapis.com/gcf-v2-uploads-559963188255.us-central1.cloudfunctions.appspot.com/479bf6ad-c973-443b-aa6a-054765a166f8.zip?GoogleAccessId=service-559963188255@gcf-admin-robot.iam.gserviceaccount.com&Expires=1733010523&Signature=hiTyEFBZAHDb3wdPYZfDPgYAj%2BzzoRazXr3aM8Aok6zV7KEupTO9tTCa0%2BEKmq9nIy9uSfCQ2a%2BcffHK7oCr1T6m3Sq0brJNM8U9kTjldX10W34gwpGXYpihUwkZsZWKZpRjo1BGCfzoTz4SRSIlSjSx7VOAaHg39bJWU9WRqXqAyYZPxRchIIZWvXf23w6ZUqI9k5pd5OYRtystEhg7P8JBAHchdPOL74E24KSMlRRoMq6MxHMnK3QwjDk6xumd5okEBBWb9wP4YFzn%2FK68jGfqbeq375T0p4l9YXkYrJKX05oOtpwtcwF3Yjgn7fBuUiPd5h%2BxehRR2jUlpb4fXg%3D%3D","storageSource":{"bucket":"gcf-v2-uploads-559963188255.us-central1.cloudfunctions.appspot.com","object":"479bf6ad-c973-443b-aa6a-054765a166f8.zip"}}
[debug] [2024-11-30T23:18:44.670Z] >>> [apiv2][query] PUT https://storage.googleapis.com/gcf-v2-uploads-559963188255.us-central1.cloudfunctions.appspot.com/479bf6ad-c973-443b-aa6a-054765a166f8.zip GoogleAccessId=service-559963188255%40gcf-admin-robot.iam.gserviceaccount.com&Expires=1733010523&Signature=hiTyEFBZAHDb3wdPYZfDPgYAj%2BzzoRazXr3aM8Aok6zV7KEupTO9tTCa0%2BEKmq9nIy9uSfCQ2a%2BcffHK7oCr1T6m3Sq0brJNM8U9kTjldX10W34gwpGXYpihUwkZsZWKZpRjo1BGCfzoTz4SRSIlSjSx7VOAaHg39bJWU9WRqXqAyYZPxRchIIZWvXf23w6ZUqI9k5pd5OYRtystEhg7P8JBAHchdPOL74E24KSMlRRoMq6MxHMnK3QwjDk6xumd5okEBBWb9wP4YFzn%2FK68jGfqbeq375T0p4l9YXkYrJKX05oOtpwtcwF3Yjgn7fBuUiPd5h%2BxehRR2jUlpb4fXg%3D%3D
[debug] [2024-11-30T23:18:44.670Z] >>> [apiv2][body] PUT https://storage.googleapis.com/gcf-v2-uploads-559963188255.us-central1.cloudfunctions.appspot.com/479bf6ad-c973-443b-aa6a-054765a166f8.zip [stream]
[debug] [2024-11-30T23:18:44.965Z] <<< [apiv2][status] PUT https://storage.googleapis.com/gcf-v2-uploads-559963188255.us-central1.cloudfunctions.appspot.com/479bf6ad-c973-443b-aa6a-054765a166f8.zip 200
[debug] [2024-11-30T23:18:44.966Z] <<< [apiv2][body] PUT https://storage.googleapis.com/gcf-v2-uploads-559963188255.us-central1.cloudfunctions.appspot.com/479bf6ad-c973-443b-aa6a-054765a166f8.zip [omitted]
[info] +  functions: functions folder uploaded successfully 
[info] i  functions: creating Node.js 22 (2nd Gen) function fetchProducts(us-central1)... 
[debug] [2024-11-30T23:18:44.969Z] Checked if tokens are valid: true, expires at: 1733010534779
[debug] [2024-11-30T23:18:44.969Z] Checked if tokens are valid: true, expires at: 1733010534779
[debug] [2024-11-30T23:18:44.969Z] >>> [apiv2][query] POST https://cloudfunctions.googleapis.com/v2/projects/team-2051-app/locations/us-central1/functions functionId=fetchProducts
[debug] [2024-11-30T23:18:44.969Z] >>> [apiv2][body] POST https://cloudfunctions.googleapis.com/v2/projects/team-2051-app/locations/us-central1/functions {"name":"projects/team-2051-app/locations/us-central1/functions/fetchProducts","buildConfig":{"runtime":"nodejs22","entryPoint":"fetchProducts","source":{"storageSource":{"bucket":"gcf-v2-uploads-559963188255.us-central1.cloudfunctions.appspot.com","object":"479bf6ad-c973-443b-aa6a-054765a166f8.zip"}},"environmentVariables":{"GOOGLE_NODE_RUN_SCRIPTS":""}},"serviceConfig":{"environmentVariables":{"FIREBASE_CONFIG":"{\"projectId\":\"team-2051-app\",\"storageBucket\":\"team-2051-app.firebasestorage.app\"}","GCLOUD_PROJECT":"team-2051-app","EVENTARC_CLOUD_EVENT_SOURCE":"projects/team-2051-app/locations/us-central1/services/fetchProducts","FUNCTION_TARGET":"fetchProducts"},"ingressSettings":null,"timeoutSeconds":null,"serviceAccountEmail":null,"availableMemory":"256Mi","minInstanceCount":null,"maxInstanceCount":null,"maxInstanceRequestConcurrency":80,"availableCpu":"1","vpcConnector":null,"vpcConnectorEgressSettings":null},"labels":{"deployment-tool":"cli-firebase","firebase-functions-hash":"606ef5fbdcb80d94bf1c9cb3cbb11a3e9f483d26"}}
[debug] [2024-11-30T23:18:45.811Z] <<< [apiv2][status] POST https://cloudfunctions.googleapis.com/v2/projects/team-2051-app/locations/us-central1/functions 200
[debug] [2024-11-30T23:18:45.811Z] <<< [apiv2][body] POST https://cloudfunctions.googleapis.com/v2/projects/team-2051-app/locations/us-central1/functions {"name":"projects/team-2051-app/locations/us-central1/operations/operation-1733008723768-62829895f7363-1dbbde04-f224a722","metadata":{"@type":"type.googleapis.com/google.cloud.functions.v2.OperationMetadata","createTime":"2024-11-30T23:18:44.460877347Z","target":"projects/team-2051-app/locations/us-central1/functions/fetchProducts","verb":"create","cancelRequested":false,"apiVersion":"v2"},"done":false}
[debug] [2024-11-30T23:18:45.811Z] Checked if tokens are valid: true, expires at: 1733010534779
[debug] [2024-11-30T23:18:45.812Z] Checked if tokens are valid: true, expires at: 1733010534779
[debug] [2024-11-30T23:18:45.812Z] >>> [apiv2][query] GET https://cloudfunctions.googleapis.com/v2/projects/team-2051-app/locations/us-central1/operations/operation-1733008723768-62829895f7363-1dbbde04-f224a722 [none]
[debug] [2024-11-30T23:18:45.924Z] <<< [apiv2][status] GET https://cloudfunctions.googleapis.com/v2/projects/team-2051-app/locations/us-central1/operations/operation-1733008723768-62829895f7363-1dbbde04-f224a722 200
[debug] [2024-11-30T23:18:45.924Z] <<< [apiv2][body] GET https://cloudfunctions.googleapis.com/v2/projects/team-2051-app/locations/us-central1/operations/operation-1733008723768-62829895f7363-1dbbde04-f224a722 {"name":"projects/team-2051-app/locations/us-central1/operations/operation-1733008723768-62829895f7363-1dbbde04-f224a722","metadata":{"@type":"type.googleapis.com/google.cloud.functions.v2.OperationMetadata","createTime":"2024-11-30T23:18:44.460877347Z","target":"projects/team-2051-app/locations/us-central1/functions/fetchProducts","verb":"create","cancelRequested":false,"apiVersion":"v2"},"done":false}
[debug] [2024-11-30T23:18:46.437Z] [create-default-us-central1-fetchProducts] Retrying task index 0
[debug] [2024-11-30T23:18:46.438Z] Checked if tokens are valid: true, expires at: 1733010534779
[debug] [2024-11-30T23:18:46.438Z] Checked if tokens are valid: true, expires at: 1733010534779
[debug] [2024-11-30T23:18:46.438Z] >>> [apiv2][query] GET https://cloudfunctions.googleapis.com/v2/projects/team-2051-app/locations/us-central1/operations/operation-1733008723768-62829895f7363-1dbbde04-f224a722 [none]
[debug] [2024-11-30T23:18:46.506Z] <<< [apiv2][status] GET https://cloudfunctions.googleapis.com/v2/projects/team-2051-app/locations/us-central1/operations/operation-1733008723768-62829895f7363-1dbbde04-f224a722 200
[debug] [2024-11-30T23:18:46.506Z] <<< [apiv2][body] GET https://cloudfunctions.googleapis.com/v2/projects/team-2051-app/locations/us-central1/operations/operation-1733008723768-62829895f7363-1dbbde04-f224a722 {"name":"projects/team-2051-app/locations/us-central1/operations/operation-1733008723768-62829895f7363-1dbbde04-f224a722","metadata":{"@type":"type.googleapis.com/google.cloud.functions.v2.OperationMetadata","createTime":"2024-11-30T23:18:44.460877347Z","target":"projects/team-2051-app/locations/us-central1/functions/fetchProducts","verb":"create","cancelRequested":false,"apiVersion":"v2","requestResource":{"@type":"type.googleapis.com/google.cloud.functions.v2.Function","name":"projects/team-2051-app/locations/us-central1/functions/fetchProducts","buildConfig":{"runtime":"nodejs22","entryPoint":"fetchProducts","source":{"storageSource":{"bucket":"gcf-v2-sources-559963188255-us-central1","object":"fetchProducts/function-source.zip","generation":"1733008724056073"}},"environmentVariables":{"GOOGLE_NODE_RUN_SCRIPTS":""},"serviceAccount":"projects/team-2051-app/serviceAccounts/559963188255-compute@developer.gserviceaccount.com","automaticUpdatePolicy":{}},"serviceConfig":{"service":"projects/team-2051-app/locations/us-central1/services/fetchproducts","timeoutSeconds":60,"environmentVariables":{"FIREBASE_CONFIG":"{\"projectId\":\"team-2051-app\",\"storageBucket\":\"team-2051-app.firebasestorage.app\"}","GCLOUD_PROJECT":"team-2051-app","EVENTARC_CLOUD_EVENT_SOURCE":"projects/team-2051-app/locations/us-central1/services/fetchProducts","FUNCTION_TARGET":"fetchProducts","LOG_EXECUTION_ID":"true"},"ingressSettings":"ALLOW_ALL","serviceAccountEmail":"559963188255-compute@developer.gserviceaccount.com","availableMemory":"256Mi","maxInstanceRequestConcurrency":80,"availableCpu":"1"},"labels":{"deployment-tool":"cli-firebase","firebase-functions-hash":"606ef5fbdcb80d94bf1c9cb3cbb11a3e9f483d26"},"environment":"GEN_2"},"stages":[{"name":"BUILD","state":"NOT_STARTED"},{"name":"SERVICE","state":"NOT_STARTED"}],"operationType":"CREATE_FUNCTION"},"done":false}
[debug] [2024-11-30T23:18:47.521Z] [create-default-us-central1-fetchProducts] Retrying task index 0
[debug] [2024-11-30T23:18:47.521Z] Checked if tokens are valid: true, expires at: 1733010534779
[debug] [2024-11-30T23:18:47.521Z] Checked if tokens are valid: true, expires at: 1733010534779
[debug] [2024-11-30T23:18:47.521Z] >>> [apiv2][query] GET https://cloudfunctions.googleapis.com/v2/projects/team-2051-app/locations/us-central1/operations/operation-1733008723768-62829895f7363-1dbbde04-f224a722 [none]
[debug] [2024-11-30T23:18:47.639Z] <<< [apiv2][status] GET https://cloudfunctions.googleapis.com/v2/projects/team-2051-app/locations/us-central1/operations/operation-1733008723768-62829895f7363-1dbbde04-f224a722 200
[debug] [2024-11-30T23:18:47.639Z] <<< [apiv2][body] GET https://cloudfunctions.googleapis.com/v2/projects/team-2051-app/locations/us-central1/operations/operation-1733008723768-62829895f7363-1dbbde04-f224a722 {"name":"projects/team-2051-app/locations/us-central1/operations/operation-1733008723768-62829895f7363-1dbbde04-f224a722","metadata":{"@type":"type.googleapis.com/google.cloud.functions.v2.OperationMetadata","createTime":"2024-11-30T23:18:44.460877347Z","target":"projects/team-2051-app/locations/us-central1/functions/fetchProducts","verb":"create","cancelRequested":false,"apiVersion":"v2","requestResource":{"@type":"type.googleapis.com/google.cloud.functions.v2.Function","name":"projects/team-2051-app/locations/us-central1/functions/fetchProducts","buildConfig":{"runtime":"nodejs22","entryPoint":"fetchProducts","source":{"storageSource":{"bucket":"gcf-v2-sources-559963188255-us-central1","object":"fetchProducts/function-source.zip","generation":"1733008724056073"}},"environmentVariables":{"GOOGLE_NODE_RUN_SCRIPTS":""},"serviceAccount":"projects/team-2051-app/serviceAccounts/559963188255-compute@developer.gserviceaccount.com","automaticUpdatePolicy":{}},"serviceConfig":{"service":"projects/team-2051-app/locations/us-central1/services/fetchproducts","timeoutSeconds":60,"environmentVariables":{"FIREBASE_CONFIG":"{\"projectId\":\"team-2051-app\",\"storageBucket\":\"team-2051-app.firebasestorage.app\"}","GCLOUD_PROJECT":"team-2051-app","EVENTARC_CLOUD_EVENT_SOURCE":"projects/team-2051-app/locations/us-central1/services/fetchProducts","FUNCTION_TARGET":"fetchProducts","LOG_EXECUTION_ID":"true"},"ingressSettings":"ALLOW_ALL","serviceAccountEmail":"559963188255-compute@developer.gserviceaccount.com","availableMemory":"256Mi","maxInstanceRequestConcurrency":80,"availableCpu":"1"},"labels":{"deployment-tool":"cli-firebase","firebase-functions-hash":"606ef5fbdcb80d94bf1c9cb3cbb11a3e9f483d26"},"environment":"GEN_2"},"stages":[{"name":"BUILD","message":"Build in progress","state":"IN_PROGRESS","resource":"projects/559963188255/locations/us-central1/builds/9a432a28-f5e7-4a80-9352-fb42bc0e3288","resourceUri":"https://console.cloud.google.com/cloud-build/builds;region=us-central1/9a432a28-f5e7-4a80-9352-fb42bc0e3288?project=559963188255"},{"name":"SERVICE","state":"NOT_STARTED"}],"operationType":"CREATE_FUNCTION","buildName":"projects/559963188255/locations/us-central1/builds/9a432a28-f5e7-4a80-9352-fb42bc0e3288"},"done":false}
[debug] [2024-11-30T23:18:49.645Z] [create-default-us-central1-fetchProducts] Retrying task index 0
[debug] [2024-11-30T23:18:49.646Z] Checked if tokens are valid: true, expires at: 1733010534779
[debug] [2024-11-30T23:18:49.646Z] Checked if tokens are valid: true, expires at: 1733010534779
[debug] [2024-11-30T23:18:49.646Z] >>> [apiv2][query] GET https://cloudfunctions.googleapis.com/v2/projects/team-2051-app/locations/us-central1/operations/operation-1733008723768-62829895f7363-1dbbde04-f224a722 [none]
[debug] [2024-11-30T23:18:49.730Z] <<< [apiv2][status] GET https://cloudfunctions.googleapis.com/v2/projects/team-2051-app/locations/us-central1/operations/operation-1733008723768-62829895f7363-1dbbde04-f224a722 200
[debug] [2024-11-30T23:18:49.730Z] <<< [apiv2][body] GET https://cloudfunctions.googleapis.com/v2/projects/team-2051-app/locations/us-central1/operations/operation-1733008723768-62829895f7363-1dbbde04-f224a722 {"name":"projects/team-2051-app/locations/us-central1/operations/operation-1733008723768-62829895f7363-1dbbde04-f224a722","metadata":{"@type":"type.googleapis.com/google.cloud.functions.v2.OperationMetadata","createTime":"2024-11-30T23:18:44.460877347Z","target":"projects/team-2051-app/locations/us-central1/functions/fetchProducts","verb":"create","cancelRequested":false,"apiVersion":"v2","requestResource":{"@type":"type.googleapis.com/google.cloud.functions.v2.Function","name":"projects/team-2051-app/locations/us-central1/functions/fetchProducts","buildConfig":{"runtime":"nodejs22","entryPoint":"fetchProducts","source":{"storageSource":{"bucket":"gcf-v2-sources-559963188255-us-central1","object":"fetchProducts/function-source.zip","generation":"1733008724056073"}},"environmentVariables":{"GOOGLE_NODE_RUN_SCRIPTS":""},"serviceAccount":"projects/team-2051-app/serviceAccounts/559963188255-compute@developer.gserviceaccount.com","automaticUpdatePolicy":{}},"serviceConfig":{"service":"projects/team-2051-app/locations/us-central1/services/fetchproducts","timeoutSeconds":60,"environmentVariables":{"FIREBASE_CONFIG":"{\"projectId\":\"team-2051-app\",\"storageBucket\":\"team-2051-app.firebasestorage.app\"}","GCLOUD_PROJECT":"team-2051-app","EVENTARC_CLOUD_EVENT_SOURCE":"projects/team-2051-app/locations/us-central1/services/fetchProducts","FUNCTION_TARGET":"fetchProducts","LOG_EXECUTION_ID":"true"},"ingressSettings":"ALLOW_ALL","serviceAccountEmail":"559963188255-compute@developer.gserviceaccount.com","availableMemory":"256Mi","maxInstanceRequestConcurrency":80,"availableCpu":"1"},"labels":{"deployment-tool":"cli-firebase","firebase-functions-hash":"606ef5fbdcb80d94bf1c9cb3cbb11a3e9f483d26"},"environment":"GEN_2"},"stages":[{"name":"BUILD","message":"Build in progress","state":"IN_PROGRESS","resource":"projects/559963188255/locations/us-central1/builds/9a432a28-f5e7-4a80-9352-fb42bc0e3288","resourceUri":"https://console.cloud.google.com/cloud-build/builds;region=us-central1/9a432a28-f5e7-4a80-9352-fb42bc0e3288?project=559963188255"},{"name":"SERVICE","state":"NOT_STARTED"}],"operationType":"CREATE_FUNCTION","buildName":"projects/559963188255/locations/us-central1/builds/9a432a28-f5e7-4a80-9352-fb42bc0e3288"},"done":false}
[debug] [2024-11-30T23:18:53.738Z] [create-default-us-central1-fetchProducts] Retrying task index 0
[debug] [2024-11-30T23:18:53.738Z] Checked if tokens are valid: true, expires at: 1733010534779
[debug] [2024-11-30T23:18:53.738Z] Checked if tokens are valid: true, expires at: 1733010534779
[debug] [2024-11-30T23:18:53.738Z] >>> [apiv2][query] GET https://cloudfunctions.googleapis.com/v2/projects/team-2051-app/locations/us-central1/operations/operation-1733008723768-62829895f7363-1dbbde04-f224a722 [none]
[debug] [2024-11-30T23:18:53.821Z] <<< [apiv2][status] GET https://cloudfunctions.googleapis.com/v2/projects/team-2051-app/locations/us-central1/operations/operation-1733008723768-62829895f7363-1dbbde04-f224a722 200
[debug] [2024-11-30T23:18:53.821Z] <<< [apiv2][body] GET https://cloudfunctions.googleapis.com/v2/projects/team-2051-app/locations/us-central1/operations/operation-1733008723768-62829895f7363-1dbbde04-f224a722 {"name":"projects/team-2051-app/locations/us-central1/operations/operation-1733008723768-62829895f7363-1dbbde04-f224a722","metadata":{"@type":"type.googleapis.com/google.cloud.functions.v2.OperationMetadata","createTime":"2024-11-30T23:18:44.460877347Z","target":"projects/team-2051-app/locations/us-central1/functions/fetchProducts","verb":"create","cancelRequested":false,"apiVersion":"v2","requestResource":{"@type":"type.googleapis.com/google.cloud.functions.v2.Function","name":"projects/team-2051-app/locations/us-central1/functions/fetchProducts","buildConfig":{"runtime":"nodejs22","entryPoint":"fetchProducts","source":{"storageSource":{"bucket":"gcf-v2-sources-559963188255-us-central1","object":"fetchProducts/function-source.zip","generation":"1733008724056073"}},"environmentVariables":{"GOOGLE_NODE_RUN_SCRIPTS":""},"serviceAccount":"projects/team-2051-app/serviceAccounts/559963188255-compute@developer.gserviceaccount.com","automaticUpdatePolicy":{}},"serviceConfig":{"service":"projects/team-2051-app/locations/us-central1/services/fetchproducts","timeoutSeconds":60,"environmentVariables":{"FIREBASE_CONFIG":"{\"projectId\":\"team-2051-app\",\"storageBucket\":\"team-2051-app.firebasestorage.app\"}","GCLOUD_PROJECT":"team-2051-app","EVENTARC_CLOUD_EVENT_SOURCE":"projects/team-2051-app/locations/us-central1/services/fetchProducts","FUNCTION_TARGET":"fetchProducts","LOG_EXECUTION_ID":"true"},"ingressSettings":"ALLOW_ALL","serviceAccountEmail":"559963188255-compute@developer.gserviceaccount.com","availableMemory":"256Mi","maxInstanceRequestConcurrency":80,"availableCpu":"1"},"labels":{"deployment-tool":"cli-firebase","firebase-functions-hash":"606ef5fbdcb80d94bf1c9cb3cbb11a3e9f483d26"},"environment":"GEN_2"},"stages":[{"name":"BUILD","message":"Build in progress","state":"IN_PROGRESS","resource":"projects/559963188255/locations/us-central1/builds/9a432a28-f5e7-4a80-9352-fb42bc0e3288","resourceUri":"https://console.cloud.google.com/cloud-build/builds;region=us-central1/9a432a28-f5e7-4a80-9352-fb42bc0e3288?project=559963188255"},{"name":"SERVICE","state":"NOT_STARTED"}],"operationType":"CREATE_FUNCTION","buildName":"projects/559963188255/locations/us-central1/builds/9a432a28-f5e7-4a80-9352-fb42bc0e3288"},"done":false}
[debug] [2024-11-30T23:19:01.822Z] [create-default-us-central1-fetchProducts] Retrying task index 0
[debug] [2024-11-30T23:19:01.823Z] Checked if tokens are valid: true, expires at: 1733010534779
[debug] [2024-11-30T23:19:01.823Z] Checked if tokens are valid: true, expires at: 1733010534779
[debug] [2024-11-30T23:19:01.823Z] >>> [apiv2][query] GET https://cloudfunctions.googleapis.com/v2/projects/team-2051-app/locations/us-central1/operations/operation-1733008723768-62829895f7363-1dbbde04-f224a722 [none]
[debug] [2024-11-30T23:19:02.010Z] <<< [apiv2][status] GET https://cloudfunctions.googleapis.com/v2/projects/team-2051-app/locations/us-central1/operations/operation-1733008723768-62829895f7363-1dbbde04-f224a722 200
[debug] [2024-11-30T23:19:02.011Z] <<< [apiv2][body] GET https://cloudfunctions.googleapis.com/v2/projects/team-2051-app/locations/us-central1/operations/operation-1733008723768-62829895f7363-1dbbde04-f224a722 {"name":"projects/team-2051-app/locations/us-central1/operations/operation-1733008723768-62829895f7363-1dbbde04-f224a722","metadata":{"@type":"type.googleapis.com/google.cloud.functions.v2.OperationMetadata","createTime":"2024-11-30T23:18:44.460877347Z","target":"projects/team-2051-app/locations/us-central1/functions/fetchProducts","verb":"create","cancelRequested":false,"apiVersion":"v2","requestResource":{"@type":"type.googleapis.com/google.cloud.functions.v2.Function","name":"projects/team-2051-app/locations/us-central1/functions/fetchProducts","buildConfig":{"runtime":"nodejs22","entryPoint":"fetchProducts","source":{"storageSource":{"bucket":"gcf-v2-sources-559963188255-us-central1","object":"fetchProducts/function-source.zip","generation":"1733008724056073"}},"environmentVariables":{"GOOGLE_NODE_RUN_SCRIPTS":""},"serviceAccount":"projects/team-2051-app/serviceAccounts/559963188255-compute@developer.gserviceaccount.com","automaticUpdatePolicy":{}},"serviceConfig":{"service":"projects/team-2051-app/locations/us-central1/services/fetchproducts","timeoutSeconds":60,"environmentVariables":{"FIREBASE_CONFIG":"{\"projectId\":\"team-2051-app\",\"storageBucket\":\"team-2051-app.firebasestorage.app\"}","GCLOUD_PROJECT":"team-2051-app","EVENTARC_CLOUD_EVENT_SOURCE":"projects/team-2051-app/locations/us-central1/services/fetchProducts","FUNCTION_TARGET":"fetchProducts","LOG_EXECUTION_ID":"true"},"ingressSettings":"ALLOW_ALL","serviceAccountEmail":"559963188255-compute@developer.gserviceaccount.com","availableMemory":"256Mi","maxInstanceRequestConcurrency":80,"availableCpu":"1"},"labels":{"deployment-tool":"cli-firebase","firebase-functions-hash":"606ef5fbdcb80d94bf1c9cb3cbb11a3e9f483d26"},"environment":"GEN_2"},"stages":[{"name":"BUILD","message":"Build in progress","state":"IN_PROGRESS","resource":"projects/559963188255/locations/us-central1/builds/9a432a28-f5e7-4a80-9352-fb42bc0e3288","resourceUri":"https://console.cloud.google.com/cloud-build/builds;region=us-central1/9a432a28-f5e7-4a80-9352-fb42bc0e3288?project=559963188255"},{"name":"SERVICE","state":"NOT_STARTED"}],"operationType":"CREATE_FUNCTION","buildName":"projects/559963188255/locations/us-central1/builds/9a432a28-f5e7-4a80-9352-fb42bc0e3288"},"done":false}
[debug] [2024-11-30T23:19:12.020Z] [create-default-us-central1-fetchProducts] Retrying task index 0
[debug] [2024-11-30T23:19:12.020Z] Checked if tokens are valid: true, expires at: 1733010534779
[debug] [2024-11-30T23:19:12.020Z] Checked if tokens are valid: true, expires at: 1733010534779
[debug] [2024-11-30T23:19:12.020Z] >>> [apiv2][query] GET https://cloudfunctions.googleapis.com/v2/projects/team-2051-app/locations/us-central1/operations/operation-1733008723768-62829895f7363-1dbbde04-f224a722 [none]
[debug] [2024-11-30T23:19:12.195Z] <<< [apiv2][status] GET https://cloudfunctions.googleapis.com/v2/projects/team-2051-app/locations/us-central1/operations/operation-1733008723768-62829895f7363-1dbbde04-f224a722 200
[debug] [2024-11-30T23:19:12.195Z] <<< [apiv2][body] GET https://cloudfunctions.googleapis.com/v2/projects/team-2051-app/locations/us-central1/operations/operation-1733008723768-62829895f7363-1dbbde04-f224a722 {"name":"projects/team-2051-app/locations/us-central1/operations/operation-1733008723768-62829895f7363-1dbbde04-f224a722","metadata":{"@type":"type.googleapis.com/google.cloud.functions.v2.OperationMetadata","createTime":"2024-11-30T23:18:44.460877347Z","target":"projects/team-2051-app/locations/us-central1/functions/fetchProducts","verb":"create","cancelRequested":false,"apiVersion":"v2","requestResource":{"@type":"type.googleapis.com/google.cloud.functions.v2.Function","name":"projects/team-2051-app/locations/us-central1/functions/fetchProducts","buildConfig":{"runtime":"nodejs22","entryPoint":"fetchProducts","source":{"storageSource":{"bucket":"gcf-v2-sources-559963188255-us-central1","object":"fetchProducts/function-source.zip","generation":"1733008724056073"}},"environmentVariables":{"GOOGLE_NODE_RUN_SCRIPTS":""},"serviceAccount":"projects/team-2051-app/serviceAccounts/559963188255-compute@developer.gserviceaccount.com","automaticUpdatePolicy":{}},"serviceConfig":{"service":"projects/team-2051-app/locations/us-central1/services/fetchproducts","timeoutSeconds":60,"environmentVariables":{"FIREBASE_CONFIG":"{\"projectId\":\"team-2051-app\",\"storageBucket\":\"team-2051-app.firebasestorage.app\"}","GCLOUD_PROJECT":"team-2051-app","EVENTARC_CLOUD_EVENT_SOURCE":"projects/team-2051-app/locations/us-central1/services/fetchProducts","FUNCTION_TARGET":"fetchProducts","LOG_EXECUTION_ID":"true"},"ingressSettings":"ALLOW_ALL","serviceAccountEmail":"559963188255-compute@developer.gserviceaccount.com","availableMemory":"256Mi","maxInstanceRequestConcurrency":80,"availableCpu":"1"},"labels":{"deployment-tool":"cli-firebase","firebase-functions-hash":"606ef5fbdcb80d94bf1c9cb3cbb11a3e9f483d26"},"environment":"GEN_2"},"stages":[{"name":"BUILD","message":"Build in progress","state":"IN_PROGRESS","resource":"projects/559963188255/locations/us-central1/builds/9a432a28-f5e7-4a80-9352-fb42bc0e3288","resourceUri":"https://console.cloud.google.com/cloud-build/builds;region=us-central1/9a432a28-f5e7-4a80-9352-fb42bc0e3288?project=559963188255"},{"name":"SERVICE","state":"NOT_STARTED"}],"operationType":"CREATE_FUNCTION","buildName":"projects/559963188255/locations/us-central1/builds/9a432a28-f5e7-4a80-9352-fb42bc0e3288"},"done":false}
[debug] [2024-11-30T23:19:22.196Z] [create-default-us-central1-fetchProducts] Retrying task index 0
[debug] [2024-11-30T23:19:22.196Z] Checked if tokens are valid: true, expires at: 1733010534779
[debug] [2024-11-30T23:19:22.196Z] Checked if tokens are valid: true, expires at: 1733010534779
[debug] [2024-11-30T23:19:22.196Z] >>> [apiv2][query] GET https://cloudfunctions.googleapis.com/v2/projects/team-2051-app/locations/us-central1/operations/operation-1733008723768-62829895f7363-1dbbde04-f224a722 [none]
[debug] [2024-11-30T23:19:22.420Z] <<< [apiv2][status] GET https://cloudfunctions.googleapis.com/v2/projects/team-2051-app/locations/us-central1/operations/operation-1733008723768-62829895f7363-1dbbde04-f224a722 200
[debug] [2024-11-30T23:19:22.420Z] <<< [apiv2][body] GET https://cloudfunctions.googleapis.com/v2/projects/team-2051-app/locations/us-central1/operations/operation-1733008723768-62829895f7363-1dbbde04-f224a722 {"name":"projects/team-2051-app/locations/us-central1/operations/operation-1733008723768-62829895f7363-1dbbde04-f224a722","metadata":{"@type":"type.googleapis.com/google.cloud.functions.v2.OperationMetadata","createTime":"2024-11-30T23:18:44.460877347Z","target":"projects/team-2051-app/locations/us-central1/functions/fetchProducts","verb":"create","cancelRequested":false,"apiVersion":"v2","requestResource":{"@type":"type.googleapis.com/google.cloud.functions.v2.Function","name":"projects/team-2051-app/locations/us-central1/functions/fetchProducts","buildConfig":{"runtime":"nodejs22","entryPoint":"fetchProducts","source":{"storageSource":{"bucket":"gcf-v2-sources-559963188255-us-central1","object":"fetchProducts/function-source.zip","generation":"1733008724056073"}},"environmentVariables":{"GOOGLE_NODE_RUN_SCRIPTS":""},"serviceAccount":"projects/team-2051-app/serviceAccounts/559963188255-compute@developer.gserviceaccount.com","automaticUpdatePolicy":{}},"serviceConfig":{"service":"projects/team-2051-app/locations/us-central1/services/fetchproducts","timeoutSeconds":60,"environmentVariables":{"FIREBASE_CONFIG":"{\"projectId\":\"team-2051-app\",\"storageBucket\":\"team-2051-app.firebasestorage.app\"}","GCLOUD_PROJECT":"team-2051-app","EVENTARC_CLOUD_EVENT_SOURCE":"projects/team-2051-app/locations/us-central1/services/fetchProducts","FUNCTION_TARGET":"fetchProducts","LOG_EXECUTION_ID":"true"},"ingressSettings":"ALLOW_ALL","serviceAccountEmail":"559963188255-compute@developer.gserviceaccount.com","availableMemory":"256Mi","maxInstanceRequestConcurrency":80,"availableCpu":"1"},"labels":{"deployment-tool":"cli-firebase","firebase-functions-hash":"606ef5fbdcb80d94bf1c9cb3cbb11a3e9f483d26"},"environment":"GEN_2"},"stages":[{"name":"BUILD","message":"Build in progress","state":"IN_PROGRESS","resource":"projects/559963188255/locations/us-central1/builds/9a432a28-f5e7-4a80-9352-fb42bc0e3288","resourceUri":"https://console.cloud.google.com/cloud-build/builds;region=us-central1/9a432a28-f5e7-4a80-9352-fb42bc0e3288?project=559963188255"},{"name":"SERVICE","state":"NOT_STARTED"}],"operationType":"CREATE_FUNCTION","buildName":"projects/559963188255/locations/us-central1/builds/9a432a28-f5e7-4a80-9352-fb42bc0e3288"},"done":false}
[debug] [2024-11-30T23:19:32.423Z] [create-default-us-central1-fetchProducts] Retrying task index 0
[debug] [2024-11-30T23:19:32.423Z] Checked if tokens are valid: true, expires at: 1733010534779
[debug] [2024-11-30T23:19:32.423Z] Checked if tokens are valid: true, expires at: 1733010534779
[debug] [2024-11-30T23:19:32.423Z] >>> [apiv2][query] GET https://cloudfunctions.googleapis.com/v2/projects/team-2051-app/locations/us-central1/operations/operation-1733008723768-62829895f7363-1dbbde04-f224a722 [none]
[debug] [2024-11-30T23:19:32.670Z] <<< [apiv2][status] GET https://cloudfunctions.googleapis.com/v2/projects/team-2051-app/locations/us-central1/operations/operation-1733008723768-62829895f7363-1dbbde04-f224a722 200
[debug] [2024-11-30T23:19:32.670Z] <<< [apiv2][body] GET https://cloudfunctions.googleapis.com/v2/projects/team-2051-app/locations/us-central1/operations/operation-1733008723768-62829895f7363-1dbbde04-f224a722 {"name":"projects/team-2051-app/locations/us-central1/operations/operation-1733008723768-62829895f7363-1dbbde04-f224a722","metadata":{"@type":"type.googleapis.com/google.cloud.functions.v2.OperationMetadata","createTime":"2024-11-30T23:18:44.460877347Z","target":"projects/team-2051-app/locations/us-central1/functions/fetchProducts","verb":"create","cancelRequested":false,"apiVersion":"v2","requestResource":{"@type":"type.googleapis.com/google.cloud.functions.v2.Function","name":"projects/team-2051-app/locations/us-central1/functions/fetchProducts","buildConfig":{"runtime":"nodejs22","entryPoint":"fetchProducts","source":{"storageSource":{"bucket":"gcf-v2-sources-559963188255-us-central1","object":"fetchProducts/function-source.zip","generation":"1733008724056073"}},"environmentVariables":{"GOOGLE_NODE_RUN_SCRIPTS":""},"serviceAccount":"projects/team-2051-app/serviceAccounts/559963188255-compute@developer.gserviceaccount.com","automaticUpdatePolicy":{}},"serviceConfig":{"service":"projects/team-2051-app/locations/us-central1/services/fetchproducts","timeoutSeconds":60,"environmentVariables":{"FIREBASE_CONFIG":"{\"projectId\":\"team-2051-app\",\"storageBucket\":\"team-2051-app.firebasestorage.app\"}","GCLOUD_PROJECT":"team-2051-app","EVENTARC_CLOUD_EVENT_SOURCE":"projects/team-2051-app/locations/us-central1/services/fetchProducts","FUNCTION_TARGET":"fetchProducts","LOG_EXECUTION_ID":"true"},"ingressSettings":"ALLOW_ALL","serviceAccountEmail":"559963188255-compute@developer.gserviceaccount.com","availableMemory":"256Mi","maxInstanceRequestConcurrency":80,"availableCpu":"1"},"labels":{"deployment-tool":"cli-firebase","firebase-functions-hash":"606ef5fbdcb80d94bf1c9cb3cbb11a3e9f483d26"},"environment":"GEN_2"},"stages":[{"name":"BUILD","message":"Build finished","state":"COMPLETE","resource":"projects/559963188255/locations/us-central1/builds/9a432a28-f5e7-4a80-9352-fb42bc0e3288","resourceUri":"https://console.cloud.google.com/cloud-build/builds;region=us-central1/9a432a28-f5e7-4a80-9352-fb42bc0e3288?project=559963188255"},{"name":"SERVICE","message":"Creating Cloud Run service","state":"IN_PROGRESS","resource":"projects/team-2051-app/locations/us-central1/services/fetchproducts","resourceUri":"https://console.cloud.google.com/run/detail/us-central1/fetchproducts?project=team-2051-app"}],"sourceToken":"Cldwcm9qZWN0cy81NTk5NjMxODgyNTUvbG9jYXRpb25zL3VzLWNlbnRyYWwxL2J1aWxkcy85YTQzMmEyOC1mNWU3LTRhODAtOTM1Mi1mYjQyYmMwZTMyODgSbnVzLWNlbnRyYWwxLWRvY2tlci5wa2cuZGV2L3RlYW0tMjA1MS1hcHAvZ2NmLWFydGlmYWN0cy90ZWFtLS0yMDUxLS1hcHBfX3VzLS1jZW50cmFsMV9fZmV0Y2hfcHJvZHVjdHM6dmVyc2lvbl8xGJ/YoIOmECJEcHJvamVjdHMvdGVhbS0yMDUxLWFwcC9sb2NhdGlvbnMvdXMtY2VudHJhbDEvZnVuY3Rpb25zL2ZldGNoUHJvZHVjdHMqCwiCu666BhDwzMARMghub2RlanMyMjp2CiNnY3IuaW8vZ2FlLXJ1bnRpbWVzL25vZGVqczIyOnN0YWJsZRJPdXMtY2VudHJhbDEtZG9ja2VyLnBrZy5kZXYvc2VydmVybGVzcy1ydW50aW1lcy9nb29nbGUtMjItZnVsbC9ydW50aW1lcy9ub2RlanMyMkAB","operationType":"CREATE_FUNCTION","buildName":"projects/559963188255/locations/us-central1/builds/9a432a28-f5e7-4a80-9352-fb42bc0e3288"},"done":false}
[debug] [2024-11-30T23:19:32.670Z] Got source token Cldwcm9qZWN0cy81NTk5NjMxODgyNTUvbG9jYXRpb25zL3VzLWNlbnRyYWwxL2J1aWxkcy85YTQzMmEyOC1mNWU3LTRhODAtOTM1Mi1mYjQyYmMwZTMyODgSbnVzLWNlbnRyYWwxLWRvY2tlci5wa2cuZGV2L3RlYW0tMjA1MS1hcHAvZ2NmLWFydGlmYWN0cy90ZWFtLS0yMDUxLS1hcHBfX3VzLS1jZW50cmFsMV9fZmV0Y2hfcHJvZHVjdHM6dmVyc2lvbl8xGJ/YoIOmECJEcHJvamVjdHMvdGVhbS0yMDUxLWFwcC9sb2NhdGlvbnMvdXMtY2VudHJhbDEvZnVuY3Rpb25zL2ZldGNoUHJvZHVjdHMqCwiCu666BhDwzMARMghub2RlanMyMjp2CiNnY3IuaW8vZ2FlLXJ1bnRpbWVzL25vZGVqczIyOnN0YWJsZRJPdXMtY2VudHJhbDEtZG9ja2VyLnBrZy5kZXYvc2VydmVybGVzcy1ydW50aW1lcy9nb29nbGUtMjItZnVsbC9ydW50aW1lcy9ub2RlanMyMkAB for region us-central1
[debug] [2024-11-30T23:19:42.679Z] [create-default-us-central1-fetchProducts] Retrying task index 0
[debug] [2024-11-30T23:19:42.680Z] Checked if tokens are valid: true, expires at: 1733010534779
[debug] [2024-11-30T23:19:42.680Z] Checked if tokens are valid: true, expires at: 1733010534779
[debug] [2024-11-30T23:19:42.680Z] >>> [apiv2][query] GET https://cloudfunctions.googleapis.com/v2/projects/team-2051-app/locations/us-central1/operations/operation-1733008723768-62829895f7363-1dbbde04-f224a722 [none]
[debug] [2024-11-30T23:19:42.876Z] <<< [apiv2][status] GET https://cloudfunctions.googleapis.com/v2/projects/team-2051-app/locations/us-central1/operations/operation-1733008723768-62829895f7363-1dbbde04-f224a722 200
[debug] [2024-11-30T23:19:42.876Z] <<< [apiv2][body] GET https://cloudfunctions.googleapis.com/v2/projects/team-2051-app/locations/us-central1/operations/operation-1733008723768-62829895f7363-1dbbde04-f224a722 {"name":"projects/team-2051-app/locations/us-central1/operations/operation-1733008723768-62829895f7363-1dbbde04-f224a722","metadata":{"@type":"type.googleapis.com/google.cloud.functions.v2.OperationMetadata","createTime":"2024-11-30T23:18:44.460877347Z","target":"projects/team-2051-app/locations/us-central1/functions/fetchProducts","verb":"create","cancelRequested":false,"apiVersion":"v2","requestResource":{"@type":"type.googleapis.com/google.cloud.functions.v2.Function","name":"projects/team-2051-app/locations/us-central1/functions/fetchProducts","buildConfig":{"runtime":"nodejs22","entryPoint":"fetchProducts","source":{"storageSource":{"bucket":"gcf-v2-sources-559963188255-us-central1","object":"fetchProducts/function-source.zip","generation":"1733008724056073"}},"environmentVariables":{"GOOGLE_NODE_RUN_SCRIPTS":""},"serviceAccount":"projects/team-2051-app/serviceAccounts/559963188255-compute@developer.gserviceaccount.com","automaticUpdatePolicy":{}},"serviceConfig":{"service":"projects/team-2051-app/locations/us-central1/services/fetchproducts","timeoutSeconds":60,"environmentVariables":{"FIREBASE_CONFIG":"{\"projectId\":\"team-2051-app\",\"storageBucket\":\"team-2051-app.firebasestorage.app\"}","GCLOUD_PROJECT":"team-2051-app","EVENTARC_CLOUD_EVENT_SOURCE":"projects/team-2051-app/locations/us-central1/services/fetchProducts","FUNCTION_TARGET":"fetchProducts","LOG_EXECUTION_ID":"true"},"ingressSettings":"ALLOW_ALL","serviceAccountEmail":"559963188255-compute@developer.gserviceaccount.com","availableMemory":"256Mi","maxInstanceRequestConcurrency":80,"availableCpu":"1"},"labels":{"deployment-tool":"cli-firebase","firebase-functions-hash":"606ef5fbdcb80d94bf1c9cb3cbb11a3e9f483d26"},"environment":"GEN_2"},"stages":[{"name":"BUILD","message":"Build finished","state":"COMPLETE","resource":"projects/559963188255/locations/us-central1/builds/9a432a28-f5e7-4a80-9352-fb42bc0e3288","resourceUri":"https://console.cloud.google.com/cloud-build/builds;region=us-central1/9a432a28-f5e7-4a80-9352-fb42bc0e3288?project=559963188255"},{"name":"SERVICE","message":"Creating Cloud Run service","state":"IN_PROGRESS","resource":"projects/team-2051-app/locations/us-central1/services/fetchproducts","resourceUri":"https://console.cloud.google.com/run/detail/us-central1/fetchproducts?project=team-2051-app"}],"sourceToken":"Cldwcm9qZWN0cy81NTk5NjMxODgyNTUvbG9jYXRpb25zL3VzLWNlbnRyYWwxL2J1aWxkcy85YTQzMmEyOC1mNWU3LTRhODAtOTM1Mi1mYjQyYmMwZTMyODgSbnVzLWNlbnRyYWwxLWRvY2tlci5wa2cuZGV2L3RlYW0tMjA1MS1hcHAvZ2NmLWFydGlmYWN0cy90ZWFtLS0yMDUxLS1hcHBfX3VzLS1jZW50cmFsMV9fZmV0Y2hfcHJvZHVjdHM6dmVyc2lvbl8xGJ/YoIOmECJEcHJvamVjdHMvdGVhbS0yMDUxLWFwcC9sb2NhdGlvbnMvdXMtY2VudHJhbDEvZnVuY3Rpb25zL2ZldGNoUHJvZHVjdHMqCwiCu666BhDwzMARMghub2RlanMyMjp2CiNnY3IuaW8vZ2FlLXJ1bnRpbWVzL25vZGVqczIyOnN0YWJsZRJPdXMtY2VudHJhbDEtZG9ja2VyLnBrZy5kZXYvc2VydmVybGVzcy1ydW50aW1lcy9nb29nbGUtMjItZnVsbC9ydW50aW1lcy9ub2RlanMyMkAB","operationType":"CREATE_FUNCTION","buildName":"projects/559963188255/locations/us-central1/builds/9a432a28-f5e7-4a80-9352-fb42bc0e3288"},"done":false}
[debug] [2024-11-30T23:19:42.876Z] Got source token Cldwcm9qZWN0cy81NTk5NjMxODgyNTUvbG9jYXRpb25zL3VzLWNlbnRyYWwxL2J1aWxkcy85YTQzMmEyOC1mNWU3LTRhODAtOTM1Mi1mYjQyYmMwZTMyODgSbnVzLWNlbnRyYWwxLWRvY2tlci5wa2cuZGV2L3RlYW0tMjA1MS1hcHAvZ2NmLWFydGlmYWN0cy90ZWFtLS0yMDUxLS1hcHBfX3VzLS1jZW50cmFsMV9fZmV0Y2hfcHJvZHVjdHM6dmVyc2lvbl8xGJ/YoIOmECJEcHJvamVjdHMvdGVhbS0yMDUxLWFwcC9sb2NhdGlvbnMvdXMtY2VudHJhbDEvZnVuY3Rpb25zL2ZldGNoUHJvZHVjdHMqCwiCu666BhDwzMARMghub2RlanMyMjp2CiNnY3IuaW8vZ2FlLXJ1bnRpbWVzL25vZGVqczIyOnN0YWJsZRJPdXMtY2VudHJhbDEtZG9ja2VyLnBrZy5kZXYvc2VydmVybGVzcy1ydW50aW1lcy9nb29nbGUtMjItZnVsbC9ydW50aW1lcy9ub2RlanMyMkAB for region us-central1
[debug] [2024-11-30T23:19:52.885Z] [create-default-us-central1-fetchProducts] Retrying task index 0
[debug] [2024-11-30T23:19:52.886Z] Checked if tokens are valid: true, expires at: 1733010534779
[debug] [2024-11-30T23:19:52.886Z] Checked if tokens are valid: true, expires at: 1733010534779
[debug] [2024-11-30T23:19:52.886Z] >>> [apiv2][query] GET https://cloudfunctions.googleapis.com/v2/projects/team-2051-app/locations/us-central1/operations/operation-1733008723768-62829895f7363-1dbbde04-f224a722 [none]
[debug] [2024-11-30T23:19:53.076Z] <<< [apiv2][status] GET https://cloudfunctions.googleapis.com/v2/projects/team-2051-app/locations/us-central1/operations/operation-1733008723768-62829895f7363-1dbbde04-f224a722 200
[debug] [2024-11-30T23:19:53.076Z] <<< [apiv2][body] GET https://cloudfunctions.googleapis.com/v2/projects/team-2051-app/locations/us-central1/operations/operation-1733008723768-62829895f7363-1dbbde04-f224a722 {"name":"projects/team-2051-app/locations/us-central1/operations/operation-1733008723768-62829895f7363-1dbbde04-f224a722","metadata":{"@type":"type.googleapis.com/google.cloud.functions.v2.OperationMetadata","createTime":"2024-11-30T23:18:44.460877347Z","target":"projects/team-2051-app/locations/us-central1/functions/fetchProducts","verb":"create","cancelRequested":false,"apiVersion":"v2","requestResource":{"@type":"type.googleapis.com/google.cloud.functions.v2.Function","name":"projects/team-2051-app/locations/us-central1/functions/fetchProducts","buildConfig":{"runtime":"nodejs22","entryPoint":"fetchProducts","source":{"storageSource":{"bucket":"gcf-v2-sources-559963188255-us-central1","object":"fetchProducts/function-source.zip","generation":"1733008724056073"}},"environmentVariables":{"GOOGLE_NODE_RUN_SCRIPTS":""},"serviceAccount":"projects/team-2051-app/serviceAccounts/559963188255-compute@developer.gserviceaccount.com","automaticUpdatePolicy":{}},"serviceConfig":{"service":"projects/team-2051-app/locations/us-central1/services/fetchproducts","timeoutSeconds":60,"environmentVariables":{"FIREBASE_CONFIG":"{\"projectId\":\"team-2051-app\",\"storageBucket\":\"team-2051-app.firebasestorage.app\"}","GCLOUD_PROJECT":"team-2051-app","EVENTARC_CLOUD_EVENT_SOURCE":"projects/team-2051-app/locations/us-central1/services/fetchProducts","FUNCTION_TARGET":"fetchProducts","LOG_EXECUTION_ID":"true"},"ingressSettings":"ALLOW_ALL","serviceAccountEmail":"559963188255-compute@developer.gserviceaccount.com","availableMemory":"256Mi","maxInstanceRequestConcurrency":80,"availableCpu":"1"},"labels":{"deployment-tool":"cli-firebase","firebase-functions-hash":"606ef5fbdcb80d94bf1c9cb3cbb11a3e9f483d26"},"environment":"GEN_2"},"stages":[{"name":"BUILD","message":"Build finished","state":"COMPLETE","resource":"projects/559963188255/locations/us-central1/builds/9a432a28-f5e7-4a80-9352-fb42bc0e3288","resourceUri":"https://console.cloud.google.com/cloud-build/builds;region=us-central1/9a432a28-f5e7-4a80-9352-fb42bc0e3288?project=559963188255"},{"name":"SERVICE","message":"Creating Cloud Run service","state":"IN_PROGRESS","resource":"projects/team-2051-app/locations/us-central1/services/fetchproducts","resourceUri":"https://console.cloud.google.com/run/detail/us-central1/fetchproducts?project=team-2051-app"}],"sourceToken":"Cldwcm9qZWN0cy81NTk5NjMxODgyNTUvbG9jYXRpb25zL3VzLWNlbnRyYWwxL2J1aWxkcy85YTQzMmEyOC1mNWU3LTRhODAtOTM1Mi1mYjQyYmMwZTMyODgSbnVzLWNlbnRyYWwxLWRvY2tlci5wa2cuZGV2L3RlYW0tMjA1MS1hcHAvZ2NmLWFydGlmYWN0cy90ZWFtLS0yMDUxLS1hcHBfX3VzLS1jZW50cmFsMV9fZmV0Y2hfcHJvZHVjdHM6dmVyc2lvbl8xGJ/YoIOmECJEcHJvamVjdHMvdGVhbS0yMDUxLWFwcC9sb2NhdGlvbnMvdXMtY2VudHJhbDEvZnVuY3Rpb25zL2ZldGNoUHJvZHVjdHMqCwiCu666BhDwzMARMghub2RlanMyMjp2CiNnY3IuaW8vZ2FlLXJ1bnRpbWVzL25vZGVqczIyOnN0YWJsZRJPdXMtY2VudHJhbDEtZG9ja2VyLnBrZy5kZXYvc2VydmVybGVzcy1ydW50aW1lcy9nb29nbGUtMjItZnVsbC9ydW50aW1lcy9ub2RlanMyMkAB","operationType":"CREATE_FUNCTION","buildName":"projects/559963188255/locations/us-central1/builds/9a432a28-f5e7-4a80-9352-fb42bc0e3288"},"done":false}
[debug] [2024-11-30T23:19:53.076Z] Got source token Cldwcm9qZWN0cy81NTk5NjMxODgyNTUvbG9jYXRpb25zL3VzLWNlbnRyYWwxL2J1aWxkcy85YTQzMmEyOC1mNWU3LTRhODAtOTM1Mi1mYjQyYmMwZTMyODgSbnVzLWNlbnRyYWwxLWRvY2tlci5wa2cuZGV2L3RlYW0tMjA1MS1hcHAvZ2NmLWFydGlmYWN0cy90ZWFtLS0yMDUxLS1hcHBfX3VzLS1jZW50cmFsMV9fZmV0Y2hfcHJvZHVjdHM6dmVyc2lvbl8xGJ/YoIOmECJEcHJvamVjdHMvdGVhbS0yMDUxLWFwcC9sb2NhdGlvbnMvdXMtY2VudHJhbDEvZnVuY3Rpb25zL2ZldGNoUHJvZHVjdHMqCwiCu666BhDwzMARMghub2RlanMyMjp2CiNnY3IuaW8vZ2FlLXJ1bnRpbWVzL25vZGVqczIyOnN0YWJsZRJPdXMtY2VudHJhbDEtZG9ja2VyLnBrZy5kZXYvc2VydmVybGVzcy1ydW50aW1lcy9nb29nbGUtMjItZnVsbC9ydW50aW1lcy9ub2RlanMyMkAB for region us-central1
[debug] [2024-11-30T23:20:03.080Z] [create-default-us-central1-fetchProducts] Retrying task index 0
[debug] [2024-11-30T23:20:03.080Z] Checked if tokens are valid: true, expires at: 1733010534779
[debug] [2024-11-30T23:20:03.080Z] Checked if tokens are valid: true, expires at: 1733010534779
[debug] [2024-11-30T23:20:03.080Z] >>> [apiv2][query] GET https://cloudfunctions.googleapis.com/v2/projects/team-2051-app/locations/us-central1/operations/operation-1733008723768-62829895f7363-1dbbde04-f224a722 [none]
[debug] [2024-11-30T23:20:03.271Z] <<< [apiv2][status] GET https://cloudfunctions.googleapis.com/v2/projects/team-2051-app/locations/us-central1/operations/operation-1733008723768-62829895f7363-1dbbde04-f224a722 200
[debug] [2024-11-30T23:20:03.271Z] <<< [apiv2][body] GET https://cloudfunctions.googleapis.com/v2/projects/team-2051-app/locations/us-central1/operations/operation-1733008723768-62829895f7363-1dbbde04-f224a722 {"name":"projects/team-2051-app/locations/us-central1/operations/operation-1733008723768-62829895f7363-1dbbde04-f224a722","metadata":{"@type":"type.googleapis.com/google.cloud.functions.v2.OperationMetadata","createTime":"2024-11-30T23:18:44.460877347Z","endTime":"2024-11-30T23:19:57.184097178Z","target":"projects/team-2051-app/locations/us-central1/functions/fetchProducts","verb":"create","cancelRequested":false,"apiVersion":"v2","requestResource":{"@type":"type.googleapis.com/google.cloud.functions.v2.Function","name":"projects/team-2051-app/locations/us-central1/functions/fetchProducts","buildConfig":{"runtime":"nodejs22","entryPoint":"fetchProducts","source":{"storageSource":{"bucket":"gcf-v2-sources-559963188255-us-central1","object":"fetchProducts/function-source.zip","generation":"1733008724056073"}},"environmentVariables":{"GOOGLE_NODE_RUN_SCRIPTS":""},"serviceAccount":"projects/team-2051-app/serviceAccounts/559963188255-compute@developer.gserviceaccount.com","automaticUpdatePolicy":{}},"serviceConfig":{"service":"projects/team-2051-app/locations/us-central1/services/fetchproducts","timeoutSeconds":60,"environmentVariables":{"FIREBASE_CONFIG":"{\"projectId\":\"team-2051-app\",\"storageBucket\":\"team-2051-app.firebasestorage.app\"}","GCLOUD_PROJECT":"team-2051-app","EVENTARC_CLOUD_EVENT_SOURCE":"projects/team-2051-app/locations/us-central1/services/fetchProducts","FUNCTION_TARGET":"fetchProducts","LOG_EXECUTION_ID":"true"},"ingressSettings":"ALLOW_ALL","serviceAccountEmail":"559963188255-compute@developer.gserviceaccount.com","availableMemory":"256Mi","maxInstanceRequestConcurrency":80,"availableCpu":"1"},"labels":{"deployment-tool":"cli-firebase","firebase-functions-hash":"606ef5fbdcb80d94bf1c9cb3cbb11a3e9f483d26"},"environment":"GEN_2"},"stages":[{"name":"ARTIFACT_REGISTRY","message":"Deleting function artifacts in Artifact Registry","state":"COMPLETE"},{"name":"SERVICE","message":"Deleting Cloud Run service","state":"COMPLETE","resource":"projects/team-2051-app/locations/us-central1/services/fetchproducts"}],"operationType":"CREATE_FUNCTION"},"done":true,"error":{"code":3,"message":"Could not create or update Cloud Run service fetchproducts, Container Healthcheck failed. Revision 'fetchproducts-00001-xoq' is not ready and cannot serve traffic. The user-provided container failed to start and listen on the port defined provided by the PORT=8080 environment variable within the allocated timeout. This can happen when the container port is misconfigured or if the timeout is too short. The health check timeout can be extended. Logs for this revision might contain more information.\n\nLogs URL: https://console.cloud.google.com/logs/viewer?project=team-2051-app&resource=cloud_run_revision/service_name/fetchproducts/revision_name/fetchproducts-00001-xoq&advancedFilter=resource.type%3D%22cloud_run_revision%22%0Aresource.labels.service_name%3D%22fetchproducts%22%0Aresource.labels.revision_name%3D%22fetchproducts-00001-xoq%22 \nFor more troubleshooting guidance, see https://cloud.google.com/run/docs/troubleshooting#container-failed-to-start"}}
[debug] [2024-11-30T23:20:03.271Z] Got source token undefined for region us-central1
[error] Could not create or update Cloud Run service fetchproducts, Container Healthcheck failed. Revision 'fetchproducts-00001-xoq' is not ready and cannot serve traffic. The user-provided container failed to start and listen on the port defined provided by the PORT=8080 environment variable within the allocated timeout. This can happen when the container port is misconfigured or if the timeout is too short. The health check timeout can be extended. Logs for this revision might contain more information.

Logs URL: https://console.cloud.google.com/logs/viewer?project=team-2051-app&resource=cloud_run_revision/service_name/fetchproducts/revision_name/fetchproducts-00001-xoq&advancedFilter=resource.type%3D%22cloud_run_revision%22%0Aresource.labels.service_name%3D%22fetchproducts%22%0Aresource.labels.revision_name%3D%22fetchproducts-00001-xoq%22 
For more troubleshooting guidance, see https://cloud.google.com/run/docs/troubleshooting#container-failed-to-start
[debug] [2024-11-30T23:20:03.276Z] Total Function Deployment time: 78305
[debug] [2024-11-30T23:20:03.276Z] 1 Functions Deployed
[debug] [2024-11-30T23:20:03.276Z] 1 Functions Errored
[debug] [2024-11-30T23:20:03.276Z] 0 Function Deployments Aborted
[debug] [2024-11-30T23:20:03.276Z] Average Function Deployment time: 78304
[info] 
[info] Functions deploy had errors with the following functions:
	fetchProducts(us-central1)
[debug] [2024-11-30T23:20:03.443Z] Not printing URL for HTTPS function. Typically this means it didn't match a filter or we failed deployment
[info] i  functions: cleaning up build files... 
[debug] [2024-11-30T23:20:03.444Z] Checked if tokens are valid: true, expires at: 1733010534779
[debug] [2024-11-30T23:20:03.444Z] Checked if tokens are valid: true, expires at: 1733010534779
[debug] [2024-11-30T23:20:03.444Z] Checked if tokens are valid: true, expires at: 1733010534779
[debug] [2024-11-30T23:20:03.444Z] Checked if tokens are valid: true, expires at: 1733010534779
[debug] [2024-11-30T23:20:03.445Z] >>> [apiv2][query] DELETE https://artifactregistry.googleapis.com/v1beta2/projects/team-2051-app/locations/us-central1/repositories/gcf-artifacts/packages/fetch_products [none]
[debug] [2024-11-30T23:20:03.445Z] >>> [apiv2][query] GET https://us.gcr.io/v2/team-2051-app/gcf/us-central1/tags/list [none]
[debug] [2024-11-30T23:20:03.634Z] <<< [apiv2][status] DELETE https://artifactregistry.googleapis.com/v1beta2/projects/team-2051-app/locations/us-central1/repositories/gcf-artifacts/packages/fetch_products 404
[debug] [2024-11-30T23:20:03.634Z] <<< [apiv2][body] DELETE https://artifactregistry.googleapis.com/v1beta2/projects/team-2051-app/locations/us-central1/repositories/gcf-artifacts/packages/fetch_products {"error":{"code":404,"message":"Package \"projects/team-2051-app/locations/us-central1/repositories/gcf-artifacts/packages/fetch_products\" was not found.","status":"NOT_FOUND"}}
[debug] [2024-11-30T23:20:03.898Z] <<< [apiv2][status] GET https://us.gcr.io/v2/team-2051-app/gcf/us-central1/tags/list 404
[debug] [2024-11-30T23:20:03.898Z] <<< [apiv2][body] GET https://us.gcr.io/v2/team-2051-app/gcf/us-central1/tags/list {"errors":[{"code":"NAME_UNKNOWN","message":"Repository \"us.gcr.io\" not found"}]}
[debug] [2024-11-30T23:20:03.899Z] Failed docker command with error  Request to https://us.gcr.io/v2/team-2051-app/gcf/us-central1/tags/list had HTTP Error: 404, Not Found {"name":"FirebaseError","children":[],"context":{"body":{"errors":[{"code":"NAME_UNKNOWN","message":"Repository \"us.gcr.io\" not found"}],"error":{"message":"Not Found"}},"response":{"statusCode":404}},"exit":1,"message":"Request to https://us.gcr.io/v2/team-2051-app/gcf/us-central1/tags/list had HTTP Error: 404, Not Found","status":404}
[debug] [2024-11-30T23:20:03.912Z] Checked if tokens are valid: true, expires at: 1733010534779
[debug] [2024-11-30T23:20:03.913Z] Checked if tokens are valid: true, expires at: 1733010534779
[debug] [2024-11-30T23:20:03.913Z] >>> [apiv2][query] GET https://us.gcr.io/v2/team-2051-app/gcf/us-central1/tags/list [none]
[debug] [2024-11-30T23:20:04.009Z] <<< [apiv2][status] GET https://us.gcr.io/v2/team-2051-app/gcf/us-central1/tags/list 404
[debug] [2024-11-30T23:20:04.009Z] <<< [apiv2][body] GET https://us.gcr.io/v2/team-2051-app/gcf/us-central1/tags/list {"errors":[{"code":"NAME_UNKNOWN","message":"Repository \"us.gcr.io\" not found"}]}
[debug] [2024-11-30T23:20:04.009Z] Failed docker command with error  Request to https://us.gcr.io/v2/team-2051-app/gcf/us-central1/tags/list had HTTP Error: 404, Not Found {"name":"FirebaseError","children":[],"context":{"body":{"errors":[{"code":"NAME_UNKNOWN","message":"Repository \"us.gcr.io\" not found"}],"error":{"message":"Not Found"}},"response":{"statusCode":404}},"exit":1,"message":"Request to https://us.gcr.io/v2/team-2051-app/gcf/us-central1/tags/list had HTTP Error: 404, Not Found","status":404}
[debug] [2024-11-30T23:20:04.112Z] Checked if tokens are valid: true, expires at: 1733010534779
[debug] [2024-11-30T23:20:04.112Z] Checked if tokens are valid: true, expires at: 1733010534779
[debug] [2024-11-30T23:20:04.112Z] >>> [apiv2][query] GET https://us.gcr.io/v2/team-2051-app/gcf/us-central1/tags/list [none]
[debug] [2024-11-30T23:20:04.217Z] <<< [apiv2][status] GET https://us.gcr.io/v2/team-2051-app/gcf/us-central1/tags/list 404
[debug] [2024-11-30T23:20:04.217Z] <<< [apiv2][body] GET https://us.gcr.io/v2/team-2051-app/gcf/us-central1/tags/list {"errors":[{"code":"NAME_UNKNOWN","message":"Repository \"us.gcr.io\" not found"}]}
[debug] [2024-11-30T23:20:04.217Z] Failed docker command with error  Request to https://us.gcr.io/v2/team-2051-app/gcf/us-central1/tags/list had HTTP Error: 404, Not Found {"name":"FirebaseError","children":[],"context":{"body":{"errors":[{"code":"NAME_UNKNOWN","message":"Repository \"us.gcr.io\" not found"}],"error":{"message":"Not Found"}},"response":{"statusCode":404}},"exit":1,"message":"Request to https://us.gcr.io/v2/team-2051-app/gcf/us-central1/tags/list had HTTP Error: 404, Not Found","status":404}
[warn] !  functions: Unhandled error cleaning up build images. This could result in a small monthly bill if not corrected. You can attempt to delete these images by redeploying or you can delete them manually at https://console.cloud.google.com/gcr/images/team-2051-app/us/gcf 
[debug] [2024-11-30T23:20:04.218Z] Functions deploy failed.
[debug] [2024-11-30T23:20:04.218Z] {
  "endpoint": {
    "id": "fetchProducts",
    "project": "team-2051-app",
    "region": "us-central1",
    "entryPoint": "fetchProducts",
    "platform": "gcfv2",
    "runtime": "nodejs22",
    "httpsTrigger": {},
    "labels": {
      "deployment-tool": "cli-firebase"
    },
    "ingressSettings": null,
    "availableMemoryMb": null,
    "serviceAccount": null,
    "timeoutSeconds": null,
    "maxInstances": null,
    "minInstances": null,
    "concurrency": 80,
    "vpc": null,
    "environmentVariables": {
      "FIREBASE_CONFIG": "{\"projectId\":\"team-2051-app\",\"storageBucket\":\"team-2051-app.firebasestorage.app\"}",
      "GCLOUD_PROJECT": "team-2051-app",
      "EVENTARC_CLOUD_EVENT_SOURCE": "projects/team-2051-app/locations/us-central1/services/fetchProducts"
    },
    "codebase": "default",
    "cpu": 1,
    "targetedByOnly": false,
    "hash": "606ef5fbdcb80d94bf1c9cb3cbb11a3e9f483d26"
  },
  "op": "create",
  "original": {
    "name": "FirebaseError",
    "children": [],
    "exit": 1,
    "message": "Could not create or update Cloud Run service fetchproducts, Container Healthcheck failed. Revision 'fetchproducts-00001-xoq' is not ready and cannot serve traffic. The user-provided container failed to start and listen on the port defined provided by the PORT=8080 environment variable within the allocated timeout. This can happen when the container port is misconfigured or if the timeout is too short. The health check timeout can be extended. Logs for this revision might contain more information.\n\nLogs URL: https://console.cloud.google.com/logs/viewer?project=team-2051-app&resource=cloud_run_revision/service_name/fetchproducts/revision_name/fetchproducts-00001-xoq&advancedFilter=resource.type%3D%22cloud_run_revision%22%0Aresource.labels.service_name%3D%22fetchproducts%22%0Aresource.labels.revision_name%3D%22fetchproducts-00001-xoq%22 \nFor more troubleshooting guidance, see https://cloud.google.com/run/docs/troubleshooting#container-failed-to-start",
    "original": {
      "code": 3,
      "message": "Could not create or update Cloud Run service fetchproducts, Container Healthcheck failed. Revision 'fetchproducts-00001-xoq' is not ready and cannot serve traffic. The user-provided container failed to start and listen on the port defined provided by the PORT=8080 environment variable within the allocated timeout. This can happen when the container port is misconfigured or if the timeout is too short. The health check timeout can be extended. Logs for this revision might contain more information.\n\nLogs URL: https://console.cloud.google.com/logs/viewer?project=team-2051-app&resource=cloud_run_revision/service_name/fetchproducts/revision_name/fetchproducts-00001-xoq&advancedFilter=resource.type%3D%22cloud_run_revision%22%0Aresource.labels.service_name%3D%22fetchproducts%22%0Aresource.labels.revision_name%3D%22fetchproducts-00001-xoq%22 \nFor more troubleshooting guidance, see https://cloud.google.com/run/docs/troubleshooting#container-failed-to-start"
    },
    "status": 3,
    "code": 3
  }
}
[debug] [2024-11-30T23:20:04.272Z] Error: Failed to create function fetchProducts in region us-central1
    at C:\Users\ethan\AppData\Roaming\npm\node_modules\firebase-tools\lib\deploy\functions\release\fabricator.js:294:27
    at process.processTicksAndRejections (node:internal/process/task_queues:95:5)
    at async Fabricator.createV2Function (C:\Users\ethan\AppData\Roaming\npm\node_modules\firebase-tools\lib\deploy\functions\release\fabricator.js:278:30)
    at async Fabricator.createEndpoint (C:\Users\ethan\AppData\Roaming\npm\node_modules\firebase-tools\lib\deploy\functions\release\fabricator.js:137:13)
    at async handle (C:\Users\ethan\AppData\Roaming\npm\node_modules\firebase-tools\lib\deploy\functions\release\fabricator.js:89:17)
[error] 
[error] Error: There was an error deploying functions
